<?xml version="1.0" encoding="UTF-8"?>
<testsuite xmlns:xsi="http://www.w3.org/2001/XMLSchema-instance" xsi:noNamespaceSchemaLocation="https://maven.apache.org/surefire/maven-surefire-plugin/xsd/surefire-test-report-3.0.xsd" version="3.0" name="com.uade.tpo.demo.DemoApplicationTests" time="28.297" tests="1" errors="0" skipped="0" failures="0">
  <properties>
[...]
</properties>
  <testcase name="contextLoads" classname="com.uade.tpo.demo.DemoApplicationTests" time="1.352">
    <system-out><![CDATA[16:16:18.577 [main] INFO org.springframework.test.context.support.AnnotationConfigContextLoaderUtils -- Could not detect default configuration classes for test class [com.uade.tpo.demo.DemoApplicationTests]: DemoApplicationTests does not declare any static, non-private, non-final, nested classes annotated with @Configuration.
16:16:18.941 [main] INFO org.springframework.boot.test.context.SpringBootTestContextBootstrapper -- Found @SpringBootConfiguration com.uade.tpo.demo.DemoApplication for test class com.uade.tpo.demo.DemoApplicationTests
16:16:19.571 [main] INFO org.springframework.boot.devtools.restart.RestartApplicationListener -- Restart disabled due to context in which it is running

  .   ____          _            __ _ _
 /\\ / ___'_ __ _ _(_)_ __  __ _ \ \ \ \
( ( )\___ | '_ | '_| | '_ \/ _` | \ \ \ \
 \\/  ___)| |_)| | | | | || (_| |  ) ) ) )
  '  |____| .__|_| |_|_| |_\__, | / / / /
 =========|_|==============|___/=/_/_/_/

 :: Spring Boot ::                (v3.3.2)

2024-10-20T16:16:20.428-03:00  INFO 26500 --- [demo] [           main] com.uade.tpo.demo.DemoApplicationTests   : Starting DemoApplicationTests using Java 17 with PID 26500 (started by mbell in C:\Users\mbell\OneDrive\Desktop\TPO-API-cfca654c1b044dfa73e4f27fd9017989c2e8b085)
2024-10-20T16:16:20.432-03:00  INFO 26500 --- [demo] [           main] com.uade.tpo.demo.DemoApplicationTests   : No active profile set, falling back to 1 default profile: "default"
2024-10-20T16:16:20.434-03:00 DEBUG 26500 --- [demo] [           main] o.s.boot.SpringApplication               : Loading source class com.uade.tpo.demo.DemoApplication
2024-10-20T16:16:20.551-03:00 DEBUG 26500 --- [demo] [           main] o.s.w.c.s.GenericWebApplicationContext   : Refreshing org.springframework.web.context.support.GenericWebApplicationContext@2a2bb0eb
2024-10-20T16:16:20.631-03:00 DEBUG 26500 --- [demo] [           main] o.s.b.f.s.DefaultListableBeanFactory     : Creating shared instance of singleton bean 'org.springframework.context.annotation.internalConfigurationAnnotationProcessor'
2024-10-20T16:16:20.678-03:00 DEBUG 26500 --- [demo] [           main] o.s.b.f.s.DefaultListableBeanFactory     : Creating shared instance of singleton bean 'org.springframework.boot.autoconfigure.internalCachingMetadataReaderFactory'
2024-10-20T16:16:20.834-03:00 DEBUG 26500 --- [demo] [           main] o.s.c.a.ClassPathBeanDefinitionScanner   : Identified candidate component class: file [C:\Users\mbell\OneDrive\Desktop\TPO-API-cfca654c1b044dfa73e4f27fd9017989c2e8b085\target\classes\com\uade\tpo\demo\controllers\ArticleController.class]
2024-10-20T16:16:20.864-03:00 DEBUG 26500 --- [demo] [           main] o.s.c.a.ClassPathBeanDefinitionScanner   : Identified candidate component class: file [C:\Users\mbell\OneDrive\Desktop\TPO-API-cfca654c1b044dfa73e4f27fd9017989c2e8b085\target\classes\com\uade\tpo\demo\controllers\CategoriesController.class]
2024-10-20T16:16:20.895-03:00 DEBUG 26500 --- [demo] [           main] o.s.c.a.ClassPathBeanDefinitionScanner   : Identified candidate component class: file [C:\Users\mbell\OneDrive\Desktop\TPO-API-cfca654c1b044dfa73e4f27fd9017989c2e8b085\target\classes\com\uade\tpo\demo\controllers\UserController.class]
2024-10-20T16:16:21.051-03:00 DEBUG 26500 --- [demo] [           main] o.s.c.a.ClassPathBeanDefinitionScanner   : Identified candidate component class: file [C:\Users\mbell\OneDrive\Desktop\TPO-API-cfca654c1b044dfa73e4f27fd9017989c2e8b085\target\classes\com\uade\tpo\demo\jwt\CustomerDetailsService.class]
2024-10-20T16:16:21.077-03:00 DEBUG 26500 --- [demo] [           main] o.s.c.a.ClassPathBeanDefinitionScanner   : Identified candidate component class: file [C:\Users\mbell\OneDrive\Desktop\TPO-API-cfca654c1b044dfa73e4f27fd9017989c2e8b085\target\classes\com\uade\tpo\demo\jwt\JwtFilter.class]
2024-10-20T16:16:21.103-03:00 DEBUG 26500 --- [demo] [           main] o.s.c.a.ClassPathBeanDefinitionScanner   : Identified candidate component class: file [C:\Users\mbell\OneDrive\Desktop\TPO-API-cfca654c1b044dfa73e4f27fd9017989c2e8b085\target\classes\com\uade\tpo\demo\jwt\JwtUtil.class]
2024-10-20T16:16:21.159-03:00 DEBUG 26500 --- [demo] [           main] o.s.c.a.ClassPathBeanDefinitionScanner   : Identified candidate component class: file [C:\Users\mbell\OneDrive\Desktop\TPO-API-cfca654c1b044dfa73e4f27fd9017989c2e8b085\target\classes\com\uade\tpo\demo\jwt\SecurityConfig.class]
2024-10-20T16:16:21.324-03:00 DEBUG 26500 --- [demo] [           main] o.s.c.a.ClassPathBeanDefinitionScanner   : Identified candidate component class: file [C:\Users\mbell\OneDrive\Desktop\TPO-API-cfca654c1b044dfa73e4f27fd9017989c2e8b085\target\classes\com\uade\tpo\demo\service\ArticleServiceImpl.class]
2024-10-20T16:16:21.362-03:00 DEBUG 26500 --- [demo] [           main] o.s.c.a.ClassPathBeanDefinitionScanner   : Identified candidate component class: file [C:\Users\mbell\OneDrive\Desktop\TPO-API-cfca654c1b044dfa73e4f27fd9017989c2e8b085\target\classes\com\uade\tpo\demo\service\CategoryServiceImpl.class]
2024-10-20T16:16:21.381-03:00 DEBUG 26500 --- [demo] [           main] o.s.c.a.ClassPathBeanDefinitionScanner   : Identified candidate component class: file [C:\Users\mbell\OneDrive\Desktop\TPO-API-cfca654c1b044dfa73e4f27fd9017989c2e8b085\target\classes\com\uade\tpo\demo\service\UserServiceImpl.class]
2024-10-20T16:16:24.047-03:00  INFO 26500 --- [demo] [           main] .s.d.r.c.RepositoryConfigurationDelegate : Bootstrapping Spring Data JPA repositories in DEFAULT mode.
2024-10-20T16:16:24.074-03:00 DEBUG 26500 --- [demo] [           main] o.s.b.f.s.DefaultListableBeanFactory     : Creating shared instance of singleton bean 'org.springframework.boot.autoconfigure.AutoConfigurationPackages'
2024-10-20T16:16:24.093-03:00 DEBUG 26500 --- [demo] [           main] o.s.b.a.AutoConfigurationPackages        : @EnableAutoConfiguration was declared on a class in the package 'com.uade.tpo.demo'. Automatic @Repository and @Entity scanning is enabled.
2024-10-20T16:16:24.097-03:00 DEBUG 26500 --- [demo] [           main] .s.d.r.c.RepositoryConfigurationDelegate : Scanning for JPA repositories in packages com.uade.tpo.demo.
2024-10-20T16:16:24.131-03:00 DEBUG 26500 --- [demo] [           main] o.s.d.r.c.RepositoryComponentProvider    : Identified candidate component class: file [C:\Users\mbell\OneDrive\Desktop\TPO-API-cfca654c1b044dfa73e4f27fd9017989c2e8b085\target\classes\com\uade\tpo\demo\repository\ArticleRepository.class]
2024-10-20T16:16:24.132-03:00 DEBUG 26500 --- [demo] [           main] o.s.d.r.c.RepositoryComponentProvider    : Identified candidate component class: file [C:\Users\mbell\OneDrive\Desktop\TPO-API-cfca654c1b044dfa73e4f27fd9017989c2e8b085\target\classes\com\uade\tpo\demo\repository\CategoryRepository.class]
2024-10-20T16:16:24.132-03:00 DEBUG 26500 --- [demo] [           main] o.s.d.r.c.RepositoryComponentProvider    : Identified candidate component class: file [C:\Users\mbell\OneDrive\Desktop\TPO-API-cfca654c1b044dfa73e4f27fd9017989c2e8b085\target\classes\com\uade\tpo\demo\repository\UserRepository.class]
2024-10-20T16:16:24.211-03:00 DEBUG 26500 --- [demo] [           main] ssPathScanningCandidateComponentProvider : Identified candidate component class: file [C:\Users\mbell\OneDrive\Desktop\TPO-API-cfca654c1b044dfa73e4f27fd9017989c2e8b085\target\classes\com\uade\tpo\demo\service\ArticleServiceImpl.class]
2024-10-20T16:16:24.212-03:00 DEBUG 26500 --- [demo] [           main] ssPathScanningCandidateComponentProvider : Identified candidate component class: file [C:\Users\mbell\OneDrive\Desktop\TPO-API-cfca654c1b044dfa73e4f27fd9017989c2e8b085\target\classes\com\uade\tpo\demo\service\CategoryServiceImpl.class]
2024-10-20T16:16:24.212-03:00 DEBUG 26500 --- [demo] [           main] ssPathScanningCandidateComponentProvider : Identified candidate component class: file [C:\Users\mbell\OneDrive\Desktop\TPO-API-cfca654c1b044dfa73e4f27fd9017989c2e8b085\target\classes\com\uade\tpo\demo\service\UserServiceImpl.class]
2024-10-20T16:16:24.265-03:00  INFO 26500 --- [demo] [           main] .s.d.r.c.RepositoryConfigurationDelegate : Finished Spring Data repository scanning in 156 ms. Found 3 JPA repository interfaces.
2024-10-20T16:16:24.508-03:00 DEBUG 26500 --- [demo] [           main] o.s.b.f.s.DefaultListableBeanFactory     : Creating shared instance of singleton bean 'springSecurityHandlerMappingIntrospectorBeanDefinitionRegistryPostProcessor'
2024-10-20T16:16:24.835-03:00 DEBUG 26500 --- [demo] [           main] o.s.b.f.s.DefaultListableBeanFactory     : Creating shared instance of singleton bean 'propertySourcesPlaceholderConfigurer'
2024-10-20T16:16:24.849-03:00 DEBUG 26500 --- [demo] [           main] o.s.b.f.s.DefaultListableBeanFactory     : Creating shared instance of singleton bean 'org.springframework.boot.test.mock.mockito.MockitoPostProcessor'
2024-10-20T16:16:24.853-03:00 DEBUG 26500 --- [demo] [           main] o.s.b.f.s.DefaultListableBeanFactory     : Creating shared instance of singleton bean 'emBeanDefinitionRegistrarPostProcessor'
2024-10-20T16:16:24.854-03:00 DEBUG 26500 --- [demo] [           main] o.s.b.f.s.DefaultListableBeanFactory     : Creating shared instance of singleton bean 'org.springframework.boot.sql.init.dependency.DatabaseInitializationDependencyConfigurer$DependsOnDatabaseInitializationPostProcessor'
2024-10-20T16:16:25.059-03:00 DEBUG 26500 --- [demo] [           main] o.s.b.f.s.DefaultListableBeanFactory     : Creating shared instance of singleton bean 'org.springframework.context.event.internalEventListenerProcessor'
2024-10-20T16:16:25.063-03:00 DEBUG 26500 --- [demo] [           main] o.s.b.f.s.DefaultListableBeanFactory     : Creating shared instance of singleton bean 'conversionServicePostProcessor'
2024-10-20T16:16:25.085-03:00 DEBUG 26500 --- [demo] [           main] o.s.b.f.s.DefaultListableBeanFactory     : Creating shared instance of singleton bean 'preserveErrorControllerTargetClassPostProcessor'
2024-10-20T16:16:25.088-03:00 DEBUG 26500 --- [demo] [           main] o.s.b.f.s.DefaultListableBeanFactory     : Creating shared instance of singleton bean 'org.springframework.context.event.internalEventListenerFactory'
2024-10-20T16:16:25.089-03:00 DEBUG 26500 --- [demo] [           main] o.s.b.f.s.DefaultListableBeanFactory     : Creating shared instance of singleton bean 'org.springframework.transaction.config.internalTransactionalEventListenerFactory'
2024-10-20T16:16:25.102-03:00 DEBUG 26500 --- [demo] [           main] o.s.b.f.s.DefaultListableBeanFactory     : Creating shared instance of singleton bean 'org.springframework.boot.test.mock.mockito.MockitoPostProcessor$SpyPostProcessor'
2024-10-20T16:16:25.105-03:00 DEBUG 26500 --- [demo] [           main] o.s.b.f.s.DefaultListableBeanFactory     : Creating shared instance of singleton bean 'org.springframework.context.annotation.internalAutowiredAnnotationProcessor'
2024-10-20T16:16:25.109-03:00 DEBUG 26500 --- [demo] [           main] o.s.b.f.s.DefaultListableBeanFactory     : Creating shared instance of singleton bean 'org.springframework.context.annotation.internalCommonAnnotationProcessor'
2024-10-20T16:16:25.119-03:00 DEBUG 26500 --- [demo] [           main] o.s.b.f.s.DefaultListableBeanFactory     : Creating shared instance of singleton bean 'org.springframework.context.annotation.internalPersistenceAnnotationProcessor'
2024-10-20T16:16:25.120-03:00 DEBUG 26500 --- [demo] [           main] o.s.b.f.s.DefaultListableBeanFactory     : Creating shared instance of singleton bean 'org.springframework.boot.context.properties.ConfigurationPropertiesBindingPostProcessor'
2024-10-20T16:16:25.121-03:00 DEBUG 26500 --- [demo] [           main] o.s.b.f.s.DefaultListableBeanFactory     : Creating shared instance of singleton bean 'org.springframework.boot.context.internalConfigurationPropertiesBinder'
2024-10-20T16:16:25.128-03:00 DEBUG 26500 --- [demo] [           main] o.s.b.f.s.DefaultListableBeanFactory     : Creating shared instance of singleton bean 'jdbcConnectionDetailsHikariBeanPostProcessor'
2024-10-20T16:16:25.138-03:00 DEBUG 26500 --- [demo] [           main] o.s.b.f.s.DefaultListableBeanFactory     : Creating shared instance of singleton bean 'org.springframework.aop.config.internalAutoProxyCreator'
2024-10-20T16:16:25.203-03:00 DEBUG 26500 --- [demo] [           main] o.s.b.f.s.DefaultListableBeanFactory     : Creating shared instance of singleton bean 'persistenceExceptionTranslationPostProcessor'
2024-10-20T16:16:25.244-03:00 DEBUG 26500 --- [demo] [           main] o.s.b.f.s.DefaultListableBeanFactory     : Autowiring by type from bean name 'persistenceExceptionTranslationPostProcessor' via factory method to bean named 'environment'
2024-10-20T16:16:25.260-03:00 DEBUG 26500 --- [demo] [           main] o.s.b.f.s.DefaultListableBeanFactory     : Creating shared instance of singleton bean 'webServerFactoryCustomizerBeanPostProcessor'
2024-10-20T16:16:25.263-03:00 DEBUG 26500 --- [demo] [           main] o.s.b.f.s.DefaultListableBeanFactory     : Creating shared instance of singleton bean 'errorPageRegistrarBeanPostProcessor'
2024-10-20T16:16:25.264-03:00 DEBUG 26500 --- [demo] [           main] o.s.b.f.s.DefaultListableBeanFactory     : Creating shared instance of singleton bean 'healthEndpointGroupsBeanPostProcessor'
2024-10-20T16:16:25.268-03:00 DEBUG 26500 --- [demo] [           main] o.s.b.f.s.DefaultListableBeanFactory     : Creating shared instance of singleton bean 'org.springframework.transaction.config.internalTransactionAdvisor'
2024-10-20T16:16:25.269-03:00 DEBUG 26500 --- [demo] [           main] o.s.b.f.s.DefaultListableBeanFactory     : Creating shared instance of singleton bean 'org.springframework.transaction.annotation.ProxyTransactionManagementConfiguration'
2024-10-20T16:16:25.331-03:00 DEBUG 26500 --- [demo] [           main] .s.a.a.a.ReflectiveAspectJAdvisorFactory : Found AspectJ method: public java.lang.Object io.micrometer.observation.aop.ObservedAspect.observeClass(org.aspectj.lang.ProceedingJoinPoint) throws java.lang.Throwable
2024-10-20T16:16:25.334-03:00 DEBUG 26500 --- [demo] [           main] .s.a.a.a.ReflectiveAspectJAdvisorFactory : Found AspectJ method: public java.lang.Object io.micrometer.observation.aop.ObservedAspect.observeMethod(org.aspectj.lang.ProceedingJoinPoint) throws java.lang.Throwable
2024-10-20T16:16:25.828-03:00 DEBUG 26500 --- [demo] [           main] o.s.b.f.s.DefaultListableBeanFactory     : Creating shared instance of singleton bean 'transactionAttributeSource'
2024-10-20T16:16:25.841-03:00 DEBUG 26500 --- [demo] [           main] o.s.b.f.s.DefaultListableBeanFactory     : Creating shared instance of singleton bean 'transactionInterceptor'
2024-10-20T16:16:25.843-03:00 DEBUG 26500 --- [demo] [           main] o.s.b.f.s.DefaultListableBeanFactory     : Autowiring by type from bean name 'transactionInterceptor' via factory method to bean named 'transactionAttributeSource'
2024-10-20T16:16:25.864-03:00 DEBUG 26500 --- [demo] [           main] o.s.b.f.s.DefaultListableBeanFactory     : Autowiring by type from bean name 'org.springframework.transaction.config.internalTransactionAdvisor' via factory method to bean named 'transactionAttributeSource'
2024-10-20T16:16:25.865-03:00 DEBUG 26500 --- [demo] [           main] o.s.b.f.s.DefaultListableBeanFactory     : Autowiring by type from bean name 'org.springframework.transaction.config.internalTransactionAdvisor' via factory method to bean named 'transactionInterceptor'
2024-10-20T16:16:25.884-03:00 DEBUG 26500 --- [demo] [           main] o.s.b.f.s.DefaultListableBeanFactory     : Creating shared instance of singleton bean 'meterRegistryPostProcessor'
2024-10-20T16:16:25.887-03:00 DEBUG 26500 --- [demo] [           main] o.s.b.f.s.DefaultListableBeanFactory     : Autowiring by type from bean name 'meterRegistryPostProcessor' via factory method to bean named 'org.springframework.web.context.support.GenericWebApplicationContext@2a2bb0eb'
2024-10-20T16:16:25.901-03:00 DEBUG 26500 --- [demo] [           main] o.s.b.f.s.DefaultListableBeanFactory     : Creating shared instance of singleton bean 'metricsRepositoryMethodInvocationListenerBeanPostProcessor'
2024-10-20T16:16:25.913-03:00 DEBUG 26500 --- [demo] [           main] o.s.b.f.s.DefaultListableBeanFactory     : Creating shared instance of singleton bean 'observationRegistryPostProcessor'
2024-10-20T16:16:25.924-03:00 DEBUG 26500 --- [demo] [           main] o.s.b.f.s.DefaultListableBeanFactory     : Creating shared instance of singleton bean 'projectingArgumentResolverBeanPostProcessor'
2024-10-20T16:16:26.000-03:00 DEBUG 26500 --- [demo] [           main] o.s.u.c.s.UiApplicationContextUtils      : Unable to locate ThemeSource with name 'themeSource': using default [org.springframework.ui.context.support.ResourceBundleThemeSource@52a7928a]
2024-10-20T16:16:26.004-03:00 DEBUG 26500 --- [demo] [           main] o.s.b.f.s.DefaultListableBeanFactory     : Creating shared instance of singleton bean 'dataSourceScriptDatabaseInitializer'
2024-10-20T16:16:26.004-03:00 DEBUG 26500 --- [demo] [           main] o.s.b.f.s.DefaultListableBeanFactory     : Creating shared instance of singleton bean 'org.springframework.boot.autoconfigure.sql.init.DataSourceInitializationConfiguration'
2024-10-20T16:16:26.013-03:00 DEBUG 26500 --- [demo] [           main] o.s.b.f.s.DefaultListableBeanFactory     : Creating shared instance of singleton bean 'dataSource'
2024-10-20T16:16:26.013-03:00 DEBUG 26500 --- [demo] [           main] o.s.b.f.s.DefaultListableBeanFactory     : Creating shared instance of singleton bean 'org.springframework.boot.autoconfigure.jdbc.DataSourceConfiguration$Hikari'
2024-10-20T16:16:26.020-03:00 DEBUG 26500 --- [demo] [           main] o.s.b.f.s.DefaultListableBeanFactory     : Creating shared instance of singleton bean 'spring.datasource-org.springframework.boot.autoconfigure.jdbc.DataSourceProperties'
2024-10-20T16:16:26.024-03:00 DEBUG 26500 --- [demo] [           main] o.s.b.f.s.DefaultListableBeanFactory     : Creating shared instance of singleton bean 'org.springframework.boot.context.properties.BoundConfigurationProperties'
2024-10-20T16:16:26.092-03:00 DEBUG 26500 --- [demo] [           main] o.s.b.f.s.DefaultListableBeanFactory     : Creating shared instance of singleton bean 'jdbcConnectionDetails'
2024-10-20T16:16:26.093-03:00 DEBUG 26500 --- [demo] [           main] o.s.b.f.s.DefaultListableBeanFactory     : Creating shared instance of singleton bean 'org.springframework.boot.autoconfigure.jdbc.DataSourceAutoConfiguration$PooledDataSourceConfiguration'
2024-10-20T16:16:26.097-03:00 DEBUG 26500 --- [demo] [           main] o.s.b.f.s.DefaultListableBeanFactory     : Autowiring by type from bean name 'jdbcConnectionDetails' via factory method to bean named 'spring.datasource-org.springframework.boot.autoconfigure.jdbc.DataSourceProperties'
2024-10-20T16:16:26.101-03:00 DEBUG 26500 --- [demo] [           main] o.s.b.f.s.DefaultListableBeanFactory     : Autowiring by type from bean name 'dataSource' via factory method to bean named 'spring.datasource-org.springframework.boot.autoconfigure.jdbc.DataSourceProperties'
2024-10-20T16:16:26.101-03:00 DEBUG 26500 --- [demo] [           main] o.s.b.f.s.DefaultListableBeanFactory     : Autowiring by type from bean name 'dataSource' via factory method to bean named 'jdbcConnectionDetails'
2024-10-20T16:16:26.202-03:00 DEBUG 26500 --- [demo] [           main] o.s.b.f.s.DefaultListableBeanFactory     : Creating shared instance of singleton bean 'spring.sql.init-org.springframework.boot.autoconfigure.sql.init.SqlInitializationProperties'
2024-10-20T16:16:26.217-03:00 DEBUG 26500 --- [demo] [           main] o.s.b.f.s.DefaultListableBeanFactory     : Autowiring by type from bean name 'dataSourceScriptDatabaseInitializer' via factory method to bean named 'dataSource'
2024-10-20T16:16:26.218-03:00 DEBUG 26500 --- [demo] [           main] o.s.b.f.s.DefaultListableBeanFactory     : Autowiring by type from bean name 'dataSourceScriptDatabaseInitializer' via factory method to bean named 'spring.sql.init-org.springframework.boot.autoconfigure.sql.init.SqlInitializationProperties'
2024-10-20T16:16:26.241-03:00 DEBUG 26500 --- [demo] [           main] o.s.b.f.s.DefaultListableBeanFactory     : Creating shared instance of singleton bean 'entityManagerFactory'
2024-10-20T16:16:26.243-03:00 DEBUG 26500 --- [demo] [           main] o.s.b.f.s.DefaultListableBeanFactory     : Creating shared instance of singleton bean 'org.springframework.boot.autoconfigure.orm.jpa.HibernateJpaConfiguration'
2024-10-20T16:16:26.247-03:00 DEBUG 26500 --- [demo] [           main] o.s.b.f.s.DefaultListableBeanFactory     : Creating shared instance of singleton bean 'spring.jpa-org.springframework.boot.autoconfigure.orm.jpa.JpaProperties'
2024-10-20T16:16:26.263-03:00 DEBUG 26500 --- [demo] [           main] o.s.b.f.s.DefaultListableBeanFactory     : Creating shared instance of singleton bean 'spring.jpa.hibernate-org.springframework.boot.autoconfigure.orm.jpa.HibernateProperties'
2024-10-20T16:16:26.272-03:00 DEBUG 26500 --- [demo] [           main] o.s.b.f.s.DefaultListableBeanFactory     : Autowiring by type from bean name 'org.springframework.boot.autoconfigure.orm.jpa.HibernateJpaConfiguration' via constructor to bean named 'dataSource'
2024-10-20T16:16:26.273-03:00 DEBUG 26500 --- [demo] [           main] o.s.b.f.s.DefaultListableBeanFactory     : Autowiring by type from bean name 'org.springframework.boot.autoconfigure.orm.jpa.HibernateJpaConfiguration' via constructor to bean named 'spring.jpa-org.springframework.boot.autoconfigure.orm.jpa.JpaProperties'
2024-10-20T16:16:26.273-03:00 DEBUG 26500 --- [demo] [           main] o.s.b.f.s.DefaultListableBeanFactory     : Autowiring by type from bean name 'org.springframework.boot.autoconfigure.orm.jpa.HibernateJpaConfiguration' via constructor to bean named 'org.springframework.beans.factory.support.DefaultListableBeanFactory@6813a331'
2024-10-20T16:16:26.273-03:00 DEBUG 26500 --- [demo] [           main] o.s.b.f.s.DefaultListableBeanFactory     : Autowiring by type from bean name 'org.springframework.boot.autoconfigure.orm.jpa.HibernateJpaConfiguration' via constructor to bean named 'spring.jpa.hibernate-org.springframework.boot.autoconfigure.orm.jpa.HibernateProperties'
2024-10-20T16:16:26.278-03:00 DEBUG 26500 --- [demo] [           main] o.s.b.f.s.DefaultListableBeanFactory     : Creating shared instance of singleton bean 'hikariPoolDataSourceMetadataProvider'
2024-10-20T16:16:26.279-03:00 DEBUG 26500 --- [demo] [           main] o.s.b.f.s.DefaultListableBeanFactory     : Creating shared instance of singleton bean 'org.springframework.boot.autoconfigure.jdbc.metadata.DataSourcePoolMetadataProvidersConfiguration$HikariPoolDataSourceMetadataProviderConfiguration'
2024-10-20T16:16:26.317-03:00 DEBUG 26500 --- [demo] [           main] o.s.b.f.s.DefaultListableBeanFactory     : Creating shared instance of singleton bean 'entityManagerFactoryBuilder'
2024-10-20T16:16:26.321-03:00 DEBUG 26500 --- [demo] [           main] o.s.b.f.s.DefaultListableBeanFactory     : Creating shared instance of singleton bean 'jpaVendorAdapter'
2024-10-20T16:16:26.380-03:00 DEBUG 26500 --- [demo] [           main] o.s.b.f.s.DefaultListableBeanFactory     : Autowiring by type from bean name 'entityManagerFactoryBuilder' via factory method to bean named 'jpaVendorAdapter'
2024-10-20T16:16:26.391-03:00 DEBUG 26500 --- [demo] [           main] o.s.b.f.s.DefaultListableBeanFactory     : Creating shared instance of singleton bean 'persistenceManagedTypes'
2024-10-20T16:16:26.394-03:00 DEBUG 26500 --- [demo] [           main] o.s.b.f.s.DefaultListableBeanFactory     : Autowiring by type from bean name 'persistenceManagedTypes' via factory method to bean named 'org.springframework.beans.factory.support.DefaultListableBeanFactory@6813a331'
2024-10-20T16:16:26.395-03:00 DEBUG 26500 --- [demo] [           main] o.s.b.f.s.DefaultListableBeanFactory     : Autowiring by type from bean name 'persistenceManagedTypes' via factory method to bean named 'org.springframework.web.context.support.GenericWebApplicationContext@2a2bb0eb'
2024-10-20T16:16:26.422-03:00 DEBUG 26500 --- [demo] [           main] o.s.b.f.s.DefaultListableBeanFactory     : Autowiring by type from bean name 'entityManagerFactory' via factory method to bean named 'entityManagerFactoryBuilder'
2024-10-20T16:16:26.422-03:00 DEBUG 26500 --- [demo] [           main] o.s.b.f.s.DefaultListableBeanFactory     : Autowiring by type from bean name 'entityManagerFactory' via factory method to bean named 'persistenceManagedTypes'
2024-10-20T16:16:26.480-03:00 DEBUG 26500 --- [demo] [           main] j.LocalContainerEntityManagerFactoryBean : Building JPA container EntityManagerFactory for persistence unit 'default'
2024-10-20T16:16:26.550-03:00 DEBUG 26500 --- [demo] [           main] o.hibernate.jpa.internal.util.LogHelper  : PersistenceUnitInfo [
	name: default
	persistence provider classname: null
	classloader: jdk.internal.loader.ClassLoaders$AppClassLoader@73d16e93
	excludeUnlistedClasses: true
	JTA datasource: null
	Non JTA datasource: HikariDataSource (null)
	Transaction type: RESOURCE_LOCAL
	PU root URL: file:/C:/Users/mbell/OneDrive/Desktop/TPO-API-cfca654c1b044dfa73e4f27fd9017989c2e8b085/target/test-classes/
	Shared Cache Mode: UNSPECIFIED
	Validation Mode: AUTO
	Jar files URLs []
	Managed classes names [
		com.uade.tpo.demo.entity.Article
		com.uade.tpo.demo.entity.Category
		com.uade.tpo.demo.entity.User]
	Mapping files names []
	Properties []
2024-10-20T16:16:26.597-03:00 DEBUG 26500 --- [demo] [           main] o.h.i.internal.IntegratorServiceImpl     : Adding Integrator [org.hibernate.boot.beanvalidation.BeanValidationIntegrator].
2024-10-20T16:16:26.603-03:00 DEBUG 26500 --- [demo] [           main] o.h.i.internal.IntegratorServiceImpl     : Adding Integrator [org.hibernate.cache.internal.CollectionCacheInvalidator].
2024-10-20T16:16:26.812-03:00  INFO 26500 --- [demo] [           main] org.hibernate.Version                    : HHH000412: Hibernate ORM core version 6.5.2.Final
2024-10-20T16:16:26.818-03:00 DEBUG 26500 --- [demo] [           main] org.hibernate.cfg.Environment            : HHH000206: 'hibernate.properties' not found
2024-10-20T16:16:26.932-03:00 DEBUG 26500 --- [demo] [           main] org.hibernate.orm.idgen.factory          : Registering IdentifierGenerator strategy [uuid2] -> [org.hibernate.id.UUIDGenerator]
2024-10-20T16:16:26.934-03:00 DEBUG 26500 --- [demo] [           main] org.hibernate.orm.idgen.factory          : Registering IdentifierGenerator strategy [guid] -> [org.hibernate.id.GUIDGenerator]
2024-10-20T16:16:26.937-03:00 DEBUG 26500 --- [demo] [           main] org.hibernate.orm.idgen.factory          : Registering IdentifierGenerator strategy [uuid] -> [org.hibernate.id.UUIDHexGenerator]
2024-10-20T16:16:26.937-03:00 DEBUG 26500 --- [demo] [           main] org.hibernate.orm.idgen.factory          : Registering IdentifierGenerator strategy [uuid.hex] -> [org.hibernate.id.UUIDHexGenerator]
2024-10-20T16:16:26.938-03:00 DEBUG 26500 --- [demo] [           main] org.hibernate.orm.idgen.factory          : Registering IdentifierGenerator strategy [assigned] -> [org.hibernate.id.Assigned]
2024-10-20T16:16:26.942-03:00 DEBUG 26500 --- [demo] [           main] org.hibernate.orm.idgen.factory          : Registering IdentifierGenerator strategy [identity] -> [org.hibernate.id.IdentityGenerator]
2024-10-20T16:16:26.944-03:00 DEBUG 26500 --- [demo] [           main] org.hibernate.orm.idgen.factory          : Registering IdentifierGenerator strategy [select] -> [org.hibernate.id.SelectGenerator]
2024-10-20T16:16:26.947-03:00 DEBUG 26500 --- [demo] [           main] org.hibernate.orm.idgen.factory          : Registering IdentifierGenerator strategy [sequence] -> [org.hibernate.id.enhanced.SequenceStyleGenerator]
2024-10-20T16:16:26.949-03:00 DEBUG 26500 --- [demo] [           main] org.hibernate.orm.idgen.factory          : Registering IdentifierGenerator strategy [increment] -> [org.hibernate.id.IncrementGenerator]
2024-10-20T16:16:26.951-03:00 DEBUG 26500 --- [demo] [           main] org.hibernate.orm.idgen.factory          : Registering IdentifierGenerator strategy [foreign] -> [org.hibernate.id.ForeignGenerator]
2024-10-20T16:16:26.953-03:00 DEBUG 26500 --- [demo] [           main] org.hibernate.orm.idgen.factory          : Registering IdentifierGenerator strategy [enhanced-sequence] -> [org.hibernate.id.enhanced.SequenceStyleGenerator]
2024-10-20T16:16:26.955-03:00 DEBUG 26500 --- [demo] [           main] org.hibernate.orm.idgen.factory          : Registering IdentifierGenerator strategy [enhanced-table] -> [org.hibernate.id.enhanced.TableGenerator]
2024-10-20T16:16:26.980-03:00 DEBUG 26500 --- [demo] [           main] o.h.c.internal.RegionFactoryInitiator    : Cannot default RegionFactory based on registered strategies as `[]` RegionFactory strategies were registered
2024-10-20T16:16:26.984-03:00  INFO 26500 --- [demo] [           main] o.h.c.internal.RegionFactoryInitiator    : HHH000026: Second-level cache disabled
2024-10-20T16:16:27.459-03:00 DEBUG 26500 --- [demo] [           main] org.hibernate.type.BasicTypeRegistry     : Adding type registration boolean -> org.hibernate.type.BasicTypeReference@2ef041bb
2024-10-20T16:16:27.459-03:00 DEBUG 26500 --- [demo] [           main] org.hibernate.type.BasicTypeRegistry     : Adding type registration boolean -> org.hibernate.type.BasicTypeReference@2ef041bb
2024-10-20T16:16:27.459-03:00 DEBUG 26500 --- [demo] [           main] org.hibernate.type.BasicTypeRegistry     : Adding type registration java.lang.Boolean -> org.hibernate.type.BasicTypeReference@2ef041bb
2024-10-20T16:16:27.460-03:00 DEBUG 26500 --- [demo] [           main] org.hibernate.type.BasicTypeRegistry     : Adding type registration numeric_boolean -> org.hibernate.type.BasicTypeReference@45e7bb79
2024-10-20T16:16:27.460-03:00 DEBUG 26500 --- [demo] [           main] org.hibernate.type.BasicTypeRegistry     : Adding type registration org.hibernate.type.NumericBooleanConverter -> org.hibernate.type.BasicTypeReference@45e7bb79
2024-10-20T16:16:27.461-03:00 DEBUG 26500 --- [demo] [           main] org.hibernate.type.BasicTypeRegistry     : Adding type registration true_false -> org.hibernate.type.BasicTypeReference@605c7a9e
2024-10-20T16:16:27.461-03:00 DEBUG 26500 --- [demo] [           main] org.hibernate.type.BasicTypeRegistry     : Adding type registration org.hibernate.type.TrueFalseConverter -> org.hibernate.type.BasicTypeReference@605c7a9e
2024-10-20T16:16:27.462-03:00 DEBUG 26500 --- [demo] [           main] org.hibernate.type.BasicTypeRegistry     : Adding type registration yes_no -> org.hibernate.type.BasicTypeReference@21c75084
2024-10-20T16:16:27.462-03:00 DEBUG 26500 --- [demo] [           main] org.hibernate.type.BasicTypeRegistry     : Adding type registration org.hibernate.type.YesNoConverter -> org.hibernate.type.BasicTypeReference@21c75084
2024-10-20T16:16:27.462-03:00 DEBUG 26500 --- [demo] [           main] org.hibernate.type.BasicTypeRegistry     : Adding type registration byte -> org.hibernate.type.BasicTypeReference@d16209e
2024-10-20T16:16:27.463-03:00 DEBUG 26500 --- [demo] [           main] org.hibernate.type.BasicTypeRegistry     : Adding type registration byte -> org.hibernate.type.BasicTypeReference@d16209e
2024-10-20T16:16:27.464-03:00 DEBUG 26500 --- [demo] [           main] org.hibernate.type.BasicTypeRegistry     : Adding type registration java.lang.Byte -> org.hibernate.type.BasicTypeReference@d16209e
2024-10-20T16:16:27.464-03:00 DEBUG 26500 --- [demo] [           main] org.hibernate.type.BasicTypeRegistry     : Adding type registration binary -> org.hibernate.type.BasicTypeReference@75527e36
2024-10-20T16:16:27.465-03:00 DEBUG 26500 --- [demo] [           main] org.hibernate.type.BasicTypeRegistry     : Adding type registration byte[] -> org.hibernate.type.BasicTypeReference@75527e36
2024-10-20T16:16:27.465-03:00 DEBUG 26500 --- [demo] [           main] org.hibernate.type.BasicTypeRegistry     : Adding type registration [B -> org.hibernate.type.BasicTypeReference@75527e36
2024-10-20T16:16:27.465-03:00 DEBUG 26500 --- [demo] [           main] org.hibernate.type.BasicTypeRegistry     : Adding type registration binary_wrapper -> org.hibernate.type.BasicTypeReference@76596288
2024-10-20T16:16:27.465-03:00 DEBUG 26500 --- [demo] [           main] org.hibernate.type.BasicTypeRegistry     : Adding type registration wrapper-binary -> org.hibernate.type.BasicTypeReference@76596288
2024-10-20T16:16:27.466-03:00 DEBUG 26500 --- [demo] [           main] org.hibernate.type.BasicTypeRegistry     : Adding type registration image -> org.hibernate.type.BasicTypeReference@6d815fb7
2024-10-20T16:16:27.466-03:00 DEBUG 26500 --- [demo] [           main] org.hibernate.type.BasicTypeRegistry     : Adding type registration blob -> org.hibernate.type.BasicTypeReference@51af8049
2024-10-20T16:16:27.466-03:00 DEBUG 26500 --- [demo] [           main] org.hibernate.type.BasicTypeRegistry     : Adding type registration java.sql.Blob -> org.hibernate.type.BasicTypeReference@51af8049
2024-10-20T16:16:27.467-03:00 DEBUG 26500 --- [demo] [           main] org.hibernate.type.BasicTypeRegistry     : Adding type registration materialized_blob -> org.hibernate.type.BasicTypeReference@376af784
2024-10-20T16:16:27.467-03:00 DEBUG 26500 --- [demo] [           main] org.hibernate.type.BasicTypeRegistry     : Adding type registration materialized_blob_wrapper -> org.hibernate.type.BasicTypeReference@a9a8ec3
2024-10-20T16:16:27.467-03:00 DEBUG 26500 --- [demo] [           main] org.hibernate.type.BasicTypeRegistry     : Adding type registration short -> org.hibernate.type.BasicTypeReference@6d0114c0
2024-10-20T16:16:27.468-03:00 DEBUG 26500 --- [demo] [           main] org.hibernate.type.BasicTypeRegistry     : Adding type registration short -> org.hibernate.type.BasicTypeReference@6d0114c0
2024-10-20T16:16:27.468-03:00 DEBUG 26500 --- [demo] [           main] org.hibernate.type.BasicTypeRegistry     : Adding type registration java.lang.Short -> org.hibernate.type.BasicTypeReference@6d0114c0
2024-10-20T16:16:27.468-03:00 DEBUG 26500 --- [demo] [           main] org.hibernate.type.BasicTypeRegistry     : Adding type registration integer -> org.hibernate.type.BasicTypeReference@40016ce1
2024-10-20T16:16:27.468-03:00 DEBUG 26500 --- [demo] [           main] org.hibernate.type.BasicTypeRegistry     : Adding type registration int -> org.hibernate.type.BasicTypeReference@40016ce1
2024-10-20T16:16:27.468-03:00 DEBUG 26500 --- [demo] [           main] org.hibernate.type.BasicTypeRegistry     : Adding type registration java.lang.Integer -> org.hibernate.type.BasicTypeReference@40016ce1
2024-10-20T16:16:27.468-03:00 DEBUG 26500 --- [demo] [           main] org.hibernate.type.BasicTypeRegistry     : Adding type registration long -> org.hibernate.type.BasicTypeReference@203765b2
2024-10-20T16:16:27.469-03:00 DEBUG 26500 --- [demo] [           main] org.hibernate.type.BasicTypeRegistry     : Adding type registration long -> org.hibernate.type.BasicTypeReference@203765b2
2024-10-20T16:16:27.469-03:00 DEBUG 26500 --- [demo] [           main] org.hibernate.type.BasicTypeRegistry     : Adding type registration java.lang.Long -> org.hibernate.type.BasicTypeReference@203765b2
2024-10-20T16:16:27.469-03:00 DEBUG 26500 --- [demo] [           main] org.hibernate.type.BasicTypeRegistry     : Adding type registration float -> org.hibernate.type.BasicTypeReference@7e050be1
2024-10-20T16:16:27.469-03:00 DEBUG 26500 --- [demo] [           main] org.hibernate.type.BasicTypeRegistry     : Adding type registration float -> org.hibernate.type.BasicTypeReference@7e050be1
2024-10-20T16:16:27.470-03:00 DEBUG 26500 --- [demo] [           main] org.hibernate.type.BasicTypeRegistry     : Adding type registration java.lang.Float -> org.hibernate.type.BasicTypeReference@7e050be1
2024-10-20T16:16:27.470-03:00 DEBUG 26500 --- [demo] [           main] org.hibernate.type.BasicTypeRegistry     : Adding type registration double -> org.hibernate.type.BasicTypeReference@1b47b7f5
2024-10-20T16:16:27.470-03:00 DEBUG 26500 --- [demo] [           main] org.hibernate.type.BasicTypeRegistry     : Adding type registration double -> org.hibernate.type.BasicTypeReference@1b47b7f5
2024-10-20T16:16:27.471-03:00 DEBUG 26500 --- [demo] [           main] org.hibernate.type.BasicTypeRegistry     : Adding type registration java.lang.Double -> org.hibernate.type.BasicTypeReference@1b47b7f5
2024-10-20T16:16:27.471-03:00 DEBUG 26500 --- [demo] [           main] org.hibernate.type.BasicTypeRegistry     : Adding type registration big_integer -> org.hibernate.type.BasicTypeReference@506aa618
2024-10-20T16:16:27.472-03:00 DEBUG 26500 --- [demo] [           main] org.hibernate.type.BasicTypeRegistry     : Adding type registration java.math.BigInteger -> org.hibernate.type.BasicTypeReference@506aa618
2024-10-20T16:16:27.472-03:00 DEBUG 26500 --- [demo] [           main] org.hibernate.type.BasicTypeRegistry     : Adding type registration big_decimal -> org.hibernate.type.BasicTypeReference@4b6b5352
2024-10-20T16:16:27.472-03:00 DEBUG 26500 --- [demo] [           main] org.hibernate.type.BasicTypeRegistry     : Adding type registration java.math.BigDecimal -> org.hibernate.type.BasicTypeReference@4b6b5352
2024-10-20T16:16:27.472-03:00 DEBUG 26500 --- [demo] [           main] org.hibernate.type.BasicTypeRegistry     : Adding type registration character -> org.hibernate.type.BasicTypeReference@1d6713dd
2024-10-20T16:16:27.472-03:00 DEBUG 26500 --- [demo] [           main] org.hibernate.type.BasicTypeRegistry     : Adding type registration char -> org.hibernate.type.BasicTypeReference@1d6713dd
2024-10-20T16:16:27.473-03:00 DEBUG 26500 --- [demo] [           main] org.hibernate.type.BasicTypeRegistry     : Adding type registration java.lang.Character -> org.hibernate.type.BasicTypeReference@1d6713dd
2024-10-20T16:16:27.473-03:00 DEBUG 26500 --- [demo] [           main] org.hibernate.type.BasicTypeRegistry     : Adding type registration character_nchar -> org.hibernate.type.BasicTypeReference@3b39e79b
2024-10-20T16:16:27.473-03:00 DEBUG 26500 --- [demo] [           main] org.hibernate.type.BasicTypeRegistry     : Adding type registration string -> org.hibernate.type.BasicTypeReference@3ee6dc82
2024-10-20T16:16:27.473-03:00 DEBUG 26500 --- [demo] [           main] org.hibernate.type.BasicTypeRegistry     : Adding type registration java.lang.String -> org.hibernate.type.BasicTypeReference@3ee6dc82
2024-10-20T16:16:27.473-03:00 DEBUG 26500 --- [demo] [           main] org.hibernate.type.BasicTypeRegistry     : Adding type registration nstring -> org.hibernate.type.BasicTypeReference@2f86f9cf
2024-10-20T16:16:27.473-03:00 DEBUG 26500 --- [demo] [           main] org.hibernate.type.BasicTypeRegistry     : Adding type registration characters -> org.hibernate.type.BasicTypeReference@adafe19
2024-10-20T16:16:27.474-03:00 DEBUG 26500 --- [demo] [           main] org.hibernate.type.BasicTypeRegistry     : Adding type registration char[] -> org.hibernate.type.BasicTypeReference@adafe19
2024-10-20T16:16:27.474-03:00 DEBUG 26500 --- [demo] [           main] org.hibernate.type.BasicTypeRegistry     : Adding type registration [C -> org.hibernate.type.BasicTypeReference@adafe19
2024-10-20T16:16:27.474-03:00 DEBUG 26500 --- [demo] [           main] org.hibernate.type.BasicTypeRegistry     : Adding type registration wrapper-characters -> org.hibernate.type.BasicTypeReference@7e2bd5e6
2024-10-20T16:16:27.474-03:00 DEBUG 26500 --- [demo] [           main] org.hibernate.type.BasicTypeRegistry     : Adding type registration text -> org.hibernate.type.BasicTypeReference@76a1146d
2024-10-20T16:16:27.475-03:00 DEBUG 26500 --- [demo] [           main] org.hibernate.type.BasicTypeRegistry     : Adding type registration ntext -> org.hibernate.type.BasicTypeReference@6ef1c3f7
2024-10-20T16:16:27.475-03:00 DEBUG 26500 --- [demo] [           main] org.hibernate.type.BasicTypeRegistry     : Adding type registration clob -> org.hibernate.type.BasicTypeReference@3386c206
2024-10-20T16:16:27.475-03:00 DEBUG 26500 --- [demo] [           main] org.hibernate.type.BasicTypeRegistry     : Adding type registration java.sql.Clob -> org.hibernate.type.BasicTypeReference@3386c206
2024-10-20T16:16:27.476-03:00 DEBUG 26500 --- [demo] [           main] org.hibernate.type.BasicTypeRegistry     : Adding type registration nclob -> org.hibernate.type.BasicTypeReference@1322b575
2024-10-20T16:16:27.476-03:00 DEBUG 26500 --- [demo] [           main] org.hibernate.type.BasicTypeRegistry     : Adding type registration java.sql.NClob -> org.hibernate.type.BasicTypeReference@1322b575
2024-10-20T16:16:27.476-03:00 DEBUG 26500 --- [demo] [           main] org.hibernate.type.BasicTypeRegistry     : Adding type registration materialized_clob -> org.hibernate.type.BasicTypeReference@6dded900
2024-10-20T16:16:27.476-03:00 DEBUG 26500 --- [demo] [           main] org.hibernate.type.BasicTypeRegistry     : Adding type registration materialized_clob_char_array -> org.hibernate.type.BasicTypeReference@d504137
2024-10-20T16:16:27.476-03:00 DEBUG 26500 --- [demo] [           main] org.hibernate.type.BasicTypeRegistry     : Adding type registration materialized_clob_character_array -> org.hibernate.type.BasicTypeReference@8432469
2024-10-20T16:16:27.477-03:00 DEBUG 26500 --- [demo] [           main] org.hibernate.type.BasicTypeRegistry     : Adding type registration materialized_nclob -> org.hibernate.type.BasicTypeReference@e4ca109
2024-10-20T16:16:27.477-03:00 DEBUG 26500 --- [demo] [           main] org.hibernate.type.BasicTypeRegistry     : Adding type registration materialized_nclob_character_array -> org.hibernate.type.BasicTypeReference@15c16f19
2024-10-20T16:16:27.477-03:00 DEBUG 26500 --- [demo] [           main] org.hibernate.type.BasicTypeRegistry     : Adding type registration materialized_nclob_char_array -> org.hibernate.type.BasicTypeReference@1a17dd6f
2024-10-20T16:16:27.477-03:00 DEBUG 26500 --- [demo] [           main] org.hibernate.type.BasicTypeRegistry     : Adding type registration Duration -> org.hibernate.type.BasicTypeReference@be6d228
2024-10-20T16:16:27.477-03:00 DEBUG 26500 --- [demo] [           main] org.hibernate.type.BasicTypeRegistry     : Adding type registration java.time.Duration -> org.hibernate.type.BasicTypeReference@be6d228
2024-10-20T16:16:27.478-03:00 DEBUG 26500 --- [demo] [           main] org.hibernate.type.BasicTypeRegistry     : Adding type registration LocalDateTime -> org.hibernate.type.BasicTypeReference@60c96eb4
2024-10-20T16:16:27.478-03:00 DEBUG 26500 --- [demo] [           main] org.hibernate.type.BasicTypeRegistry     : Adding type registration java.time.LocalDateTime -> org.hibernate.type.BasicTypeReference@60c96eb4
2024-10-20T16:16:27.478-03:00 DEBUG 26500 --- [demo] [           main] org.hibernate.type.BasicTypeRegistry     : Adding type registration LocalDate -> org.hibernate.type.BasicTypeReference@7eee6c13
2024-10-20T16:16:27.479-03:00 DEBUG 26500 --- [demo] [           main] org.hibernate.type.BasicTypeRegistry     : Adding type registration java.time.LocalDate -> org.hibernate.type.BasicTypeReference@7eee6c13
2024-10-20T16:16:27.480-03:00 DEBUG 26500 --- [demo] [           main] org.hibernate.type.BasicTypeRegistry     : Adding type registration LocalTime -> org.hibernate.type.BasicTypeReference@5ab63a04
2024-10-20T16:16:27.480-03:00 DEBUG 26500 --- [demo] [           main] org.hibernate.type.BasicTypeRegistry     : Adding type registration java.time.LocalTime -> org.hibernate.type.BasicTypeReference@5ab63a04
2024-10-20T16:16:27.481-03:00 DEBUG 26500 --- [demo] [           main] org.hibernate.type.BasicTypeRegistry     : Adding type registration OffsetDateTime -> org.hibernate.type.BasicTypeReference@677cc4e8
2024-10-20T16:16:27.481-03:00 DEBUG 26500 --- [demo] [           main] org.hibernate.type.BasicTypeRegistry     : Adding type registration java.time.OffsetDateTime -> org.hibernate.type.BasicTypeReference@677cc4e8
2024-10-20T16:16:27.481-03:00 DEBUG 26500 --- [demo] [           main] org.hibernate.type.BasicTypeRegistry     : Adding type registration OffsetDateTimeWithTimezone -> org.hibernate.type.BasicTypeReference@4c6bba7d
2024-10-20T16:16:27.481-03:00 DEBUG 26500 --- [demo] [           main] org.hibernate.type.BasicTypeRegistry     : Adding type registration OffsetDateTimeWithoutTimezone -> org.hibernate.type.BasicTypeReference@41e8d917
2024-10-20T16:16:27.482-03:00 DEBUG 26500 --- [demo] [           main] org.hibernate.type.BasicTypeRegistry     : Adding type registration OffsetTime -> org.hibernate.type.BasicTypeReference@2ae5bd34
2024-10-20T16:16:27.482-03:00 DEBUG 26500 --- [demo] [           main] org.hibernate.type.BasicTypeRegistry     : Adding type registration java.time.OffsetTime -> org.hibernate.type.BasicTypeReference@2ae5bd34
2024-10-20T16:16:27.482-03:00 DEBUG 26500 --- [demo] [           main] org.hibernate.type.BasicTypeRegistry     : Adding type registration OffsetTimeUtc -> org.hibernate.type.BasicTypeReference@2b3f7704
2024-10-20T16:16:27.483-03:00 DEBUG 26500 --- [demo] [           main] org.hibernate.type.BasicTypeRegistry     : Adding type registration OffsetTimeWithTimezone -> org.hibernate.type.BasicTypeReference@3a16984c
2024-10-20T16:16:27.483-03:00 DEBUG 26500 --- [demo] [           main] org.hibernate.type.BasicTypeRegistry     : Adding type registration OffsetTimeWithoutTimezone -> org.hibernate.type.BasicTypeReference@3db1ce78
2024-10-20T16:16:27.483-03:00 DEBUG 26500 --- [demo] [           main] org.hibernate.type.BasicTypeRegistry     : Adding type registration ZonedDateTime -> org.hibernate.type.BasicTypeReference@3a3ad8e7
2024-10-20T16:16:27.484-03:00 DEBUG 26500 --- [demo] [           main] org.hibernate.type.BasicTypeRegistry     : Adding type registration java.time.ZonedDateTime -> org.hibernate.type.BasicTypeReference@3a3ad8e7
2024-10-20T16:16:27.484-03:00 DEBUG 26500 --- [demo] [           main] org.hibernate.type.BasicTypeRegistry     : Adding type registration ZonedDateTimeWithTimezone -> org.hibernate.type.BasicTypeReference@6a6d1ff3
2024-10-20T16:16:27.484-03:00 DEBUG 26500 --- [demo] [           main] org.hibernate.type.BasicTypeRegistry     : Adding type registration ZonedDateTimeWithoutTimezone -> org.hibernate.type.BasicTypeReference@64b73e0a
2024-10-20T16:16:27.485-03:00 DEBUG 26500 --- [demo] [           main] org.hibernate.type.BasicTypeRegistry     : Adding type registration date -> org.hibernate.type.BasicTypeReference@57c6feea
2024-10-20T16:16:27.485-03:00 DEBUG 26500 --- [demo] [           main] org.hibernate.type.BasicTypeRegistry     : Adding type registration java.sql.Date -> org.hibernate.type.BasicTypeReference@57c6feea
2024-10-20T16:16:27.486-03:00 DEBUG 26500 --- [demo] [           main] org.hibernate.type.BasicTypeRegistry     : Adding type registration time -> org.hibernate.type.BasicTypeReference@3b57f915
2024-10-20T16:16:27.486-03:00 DEBUG 26500 --- [demo] [           main] org.hibernate.type.BasicTypeRegistry     : Adding type registration java.sql.Time -> org.hibernate.type.BasicTypeReference@3b57f915
2024-10-20T16:16:27.486-03:00 DEBUG 26500 --- [demo] [           main] org.hibernate.type.BasicTypeRegistry     : Adding type registration timestamp -> org.hibernate.type.BasicTypeReference@39c7fb0b
2024-10-20T16:16:27.487-03:00 DEBUG 26500 --- [demo] [           main] org.hibernate.type.BasicTypeRegistry     : Adding type registration java.sql.Timestamp -> org.hibernate.type.BasicTypeReference@39c7fb0b
2024-10-20T16:16:27.487-03:00 DEBUG 26500 --- [demo] [           main] org.hibernate.type.BasicTypeRegistry     : Adding type registration java.util.Date -> org.hibernate.type.BasicTypeReference@39c7fb0b
2024-10-20T16:16:27.487-03:00 DEBUG 26500 --- [demo] [           main] org.hibernate.type.BasicTypeRegistry     : Adding type registration calendar -> org.hibernate.type.BasicTypeReference@645dc557
2024-10-20T16:16:27.488-03:00 DEBUG 26500 --- [demo] [           main] org.hibernate.type.BasicTypeRegistry     : Adding type registration java.util.Calendar -> org.hibernate.type.BasicTypeReference@645dc557
2024-10-20T16:16:27.488-03:00 DEBUG 26500 --- [demo] [           main] org.hibernate.type.BasicTypeRegistry     : Adding type registration java.util.GregorianCalendar -> org.hibernate.type.BasicTypeReference@645dc557
2024-10-20T16:16:27.488-03:00 DEBUG 26500 --- [demo] [           main] org.hibernate.type.BasicTypeRegistry     : Adding type registration calendar_date -> org.hibernate.type.BasicTypeReference@48c5698
2024-10-20T16:16:27.489-03:00 DEBUG 26500 --- [demo] [           main] org.hibernate.type.BasicTypeRegistry     : Adding type registration calendar_time -> org.hibernate.type.BasicTypeReference@17884d
2024-10-20T16:16:27.489-03:00 DEBUG 26500 --- [demo] [           main] org.hibernate.type.BasicTypeRegistry     : Adding type registration instant -> org.hibernate.type.BasicTypeReference@68e24e7
2024-10-20T16:16:27.489-03:00 DEBUG 26500 --- [demo] [           main] org.hibernate.type.BasicTypeRegistry     : Adding type registration java.time.Instant -> org.hibernate.type.BasicTypeReference@68e24e7
2024-10-20T16:16:27.489-03:00 DEBUG 26500 --- [demo] [           main] org.hibernate.type.BasicTypeRegistry     : Adding type registration uuid -> org.hibernate.type.BasicTypeReference@c732e1c
2024-10-20T16:16:27.489-03:00 DEBUG 26500 --- [demo] [           main] org.hibernate.type.BasicTypeRegistry     : Adding type registration java.util.UUID -> org.hibernate.type.BasicTypeReference@c732e1c
2024-10-20T16:16:27.489-03:00 DEBUG 26500 --- [demo] [           main] org.hibernate.type.BasicTypeRegistry     : Adding type registration pg-uuid -> org.hibernate.type.BasicTypeReference@c732e1c
2024-10-20T16:16:27.490-03:00 DEBUG 26500 --- [demo] [           main] org.hibernate.type.BasicTypeRegistry     : Adding type registration uuid-binary -> org.hibernate.type.BasicTypeReference@6aad919c
2024-10-20T16:16:27.490-03:00 DEBUG 26500 --- [demo] [           main] org.hibernate.type.BasicTypeRegistry     : Adding type registration uuid-char -> org.hibernate.type.BasicTypeReference@56c42964
2024-10-20T16:16:27.490-03:00 DEBUG 26500 --- [demo] [           main] org.hibernate.type.BasicTypeRegistry     : Adding type registration class -> org.hibernate.type.BasicTypeReference@211a9647
2024-10-20T16:16:27.490-03:00 DEBUG 26500 --- [demo] [           main] org.hibernate.type.BasicTypeRegistry     : Adding type registration java.lang.Class -> org.hibernate.type.BasicTypeReference@211a9647
2024-10-20T16:16:27.491-03:00 DEBUG 26500 --- [demo] [           main] org.hibernate.type.BasicTypeRegistry     : Adding type registration currency -> org.hibernate.type.BasicTypeReference@340c5fb6
2024-10-20T16:16:27.491-03:00 DEBUG 26500 --- [demo] [           main] org.hibernate.type.BasicTypeRegistry     : Adding type registration Currency -> org.hibernate.type.BasicTypeReference@340c5fb6
2024-10-20T16:16:27.491-03:00 DEBUG 26500 --- [demo] [           main] org.hibernate.type.BasicTypeRegistry     : Adding type registration java.util.Currency -> org.hibernate.type.BasicTypeReference@340c5fb6
2024-10-20T16:16:27.491-03:00 DEBUG 26500 --- [demo] [           main] org.hibernate.type.BasicTypeRegistry     : Adding type registration locale -> org.hibernate.type.BasicTypeReference@322b09da
2024-10-20T16:16:27.491-03:00 DEBUG 26500 --- [demo] [           main] org.hibernate.type.BasicTypeRegistry     : Adding type registration java.util.Locale -> org.hibernate.type.BasicTypeReference@322b09da
2024-10-20T16:16:27.492-03:00 DEBUG 26500 --- [demo] [           main] org.hibernate.type.BasicTypeRegistry     : Adding type registration serializable -> org.hibernate.type.BasicTypeReference@45d389f2
2024-10-20T16:16:27.492-03:00 DEBUG 26500 --- [demo] [           main] org.hibernate.type.BasicTypeRegistry     : Adding type registration java.io.Serializable -> org.hibernate.type.BasicTypeReference@45d389f2
2024-10-20T16:16:27.492-03:00 DEBUG 26500 --- [demo] [           main] org.hibernate.type.BasicTypeRegistry     : Adding type registration timezone -> org.hibernate.type.BasicTypeReference@308e87a1
2024-10-20T16:16:27.492-03:00 DEBUG 26500 --- [demo] [           main] org.hibernate.type.BasicTypeRegistry     : Adding type registration java.util.TimeZone -> org.hibernate.type.BasicTypeReference@308e87a1
2024-10-20T16:16:27.492-03:00 DEBUG 26500 --- [demo] [           main] org.hibernate.type.BasicTypeRegistry     : Adding type registration ZoneOffset -> org.hibernate.type.BasicTypeReference@66298fe9
2024-10-20T16:16:27.492-03:00 DEBUG 26500 --- [demo] [           main] org.hibernate.type.BasicTypeRegistry     : Adding type registration java.time.ZoneOffset -> org.hibernate.type.BasicTypeReference@66298fe9
2024-10-20T16:16:27.493-03:00 DEBUG 26500 --- [demo] [           main] org.hibernate.type.BasicTypeRegistry     : Adding type registration url -> org.hibernate.type.BasicTypeReference@c262f2f
2024-10-20T16:16:27.493-03:00 DEBUG 26500 --- [demo] [           main] org.hibernate.type.BasicTypeRegistry     : Adding type registration java.net.URL -> org.hibernate.type.BasicTypeReference@c262f2f
2024-10-20T16:16:27.493-03:00 DEBUG 26500 --- [demo] [           main] org.hibernate.type.BasicTypeRegistry     : Adding type registration vector -> org.hibernate.type.BasicTypeReference@5563bb40
2024-10-20T16:16:27.493-03:00 DEBUG 26500 --- [demo] [           main] org.hibernate.type.BasicTypeRegistry     : Adding type registration row_version -> org.hibernate.type.BasicTypeReference@11148dc2
2024-10-20T16:16:27.508-03:00 DEBUG 26500 --- [demo] [           main] org.hibernate.type.BasicTypeRegistry     : Adding type registration object -> org.hibernate.type.JavaObjectType@49889154
2024-10-20T16:16:27.508-03:00 DEBUG 26500 --- [demo] [           main] org.hibernate.type.BasicTypeRegistry     : Adding type registration java.lang.Object -> org.hibernate.type.JavaObjectType@49889154
2024-10-20T16:16:27.513-03:00 DEBUG 26500 --- [demo] [           main] org.hibernate.type.BasicTypeRegistry     : Adding type registration null -> org.hibernate.type.NullType@1a536164
2024-10-20T16:16:27.514-03:00 DEBUG 26500 --- [demo] [           main] org.hibernate.type.BasicTypeRegistry     : Adding type registration imm_date -> org.hibernate.type.BasicTypeReference@1657b017
2024-10-20T16:16:27.514-03:00 DEBUG 26500 --- [demo] [           main] org.hibernate.type.BasicTypeRegistry     : Adding type registration imm_time -> org.hibernate.type.BasicTypeReference@368424db
2024-10-20T16:16:27.514-03:00 DEBUG 26500 --- [demo] [           main] org.hibernate.type.BasicTypeRegistry     : Adding type registration imm_timestamp -> org.hibernate.type.BasicTypeReference@44864536
2024-10-20T16:16:27.514-03:00 DEBUG 26500 --- [demo] [           main] org.hibernate.type.BasicTypeRegistry     : Adding type registration imm_calendar -> org.hibernate.type.BasicTypeReference@455f4483
2024-10-20T16:16:27.514-03:00 DEBUG 26500 --- [demo] [           main] org.hibernate.type.BasicTypeRegistry     : Adding type registration imm_calendar_date -> org.hibernate.type.BasicTypeReference@6e239337
2024-10-20T16:16:27.515-03:00 DEBUG 26500 --- [demo] [           main] org.hibernate.type.BasicTypeRegistry     : Adding type registration imm_calendar_time -> org.hibernate.type.BasicTypeReference@7996d0d4
2024-10-20T16:16:27.515-03:00 DEBUG 26500 --- [demo] [           main] org.hibernate.type.BasicTypeRegistry     : Adding type registration imm_binary -> org.hibernate.type.BasicTypeReference@fcf9525
2024-10-20T16:16:27.516-03:00 DEBUG 26500 --- [demo] [           main] org.hibernate.type.BasicTypeRegistry     : Adding type registration imm_serializable -> org.hibernate.type.BasicTypeReference@300bb303
2024-10-20T16:16:27.534-03:00 DEBUG 26500 --- [demo] [           main] o.h.boot.internal.BootstrapContextImpl   : Injecting JPA temp ClassLoader [org.springframework.instrument.classloading.SimpleThrowawayClassLoader@43deba42] into BootstrapContext; was [null]
2024-10-20T16:16:27.535-03:00 DEBUG 26500 --- [demo] [           main] o.h.boot.internal.ClassLoaderAccessImpl  : ClassLoaderAccessImpl#injectTempClassLoader(org.springframework.instrument.classloading.SimpleThrowawayClassLoader@43deba42) [was null]
2024-10-20T16:16:27.536-03:00 DEBUG 26500 --- [demo] [           main] o.h.boot.internal.BootstrapContextImpl   : Injecting ScanEnvironment [org.hibernate.jpa.boot.internal.StandardJpaScanEnvironmentImpl@6e93b0e7] into BootstrapContext; was [null]
2024-10-20T16:16:27.537-03:00 DEBUG 26500 --- [demo] [           main] o.h.boot.internal.BootstrapContextImpl   : Injecting ScanOptions [org.hibernate.boot.archive.scan.internal.StandardScanOptions@5eeee124] into BootstrapContext; was [org.hibernate.boot.archive.scan.internal.StandardScanOptions@62cd562d]
2024-10-20T16:16:28.408-03:00  INFO 26500 --- [demo] [           main] o.s.o.j.p.SpringPersistenceUnitInfo      : No LoadTimeWeaver setup: ignoring JPA class transformer
2024-10-20T16:16:28.409-03:00 DEBUG 26500 --- [demo] [           main] o.h.boot.internal.BootstrapContextImpl   : Injecting JPA temp ClassLoader [null] into BootstrapContext; was [org.springframework.instrument.classloading.SimpleThrowawayClassLoader@43deba42]
2024-10-20T16:16:28.409-03:00 DEBUG 26500 --- [demo] [           main] o.h.boot.internal.ClassLoaderAccessImpl  : ClassLoaderAccessImpl#injectTempClassLoader(null) [was org.springframework.instrument.classloading.SimpleThrowawayClassLoader@43deba42]
2024-10-20T16:16:28.513-03:00  INFO 26500 --- [demo] [           main] com.zaxxer.hikari.HikariDataSource       : HikariPool-1 - Starting...
2024-10-20T16:16:31.722-03:00  INFO 26500 --- [demo] [           main] com.zaxxer.hikari.pool.HikariPool        : HikariPool-1 - Added connection com.mysql.cj.jdbc.ConnectionImpl@70ce2fb2
2024-10-20T16:16:31.747-03:00  INFO 26500 --- [demo] [           main] com.zaxxer.hikari.HikariDataSource       : HikariPool-1 - Start completed.
2024-10-20T16:16:31.760-03:00 DEBUG 26500 --- [demo] [           main] o.h.e.j.e.i.JdbcEnvironmentInitiator     : Database ->
	   name : MySQL
	version : 8.0.30
	  major : 8
	  minor : 0
2024-10-20T16:16:31.761-03:00 DEBUG 26500 --- [demo] [           main] o.h.e.j.e.i.JdbcEnvironmentInitiator     : Driver ->
	   name : MySQL Connector/J
	version : mysql-connector-j-8.0.33 (Revision: 7d6b0800528b6b25c68b52dc10d6c1c8429c100c)
	  major : 8
	  minor : 0
2024-10-20T16:16:31.761-03:00 DEBUG 26500 --- [demo] [           main] o.h.e.j.e.i.JdbcEnvironmentInitiator     : JDBC version : 4.2
2024-10-20T16:16:32.085-03:00  WARN 26500 --- [demo] [           main] org.hibernate.orm.deprecation            : HHH90000025: MySQL8Dialect does not need to be specified explicitly using 'hibernate.dialect' (remove the property setting and it will be selected by default)
2024-10-20T16:16:32.088-03:00 DEBUG 26500 --- [demo] [           main] org.hibernate.orm.dialect                : HHH035001: Using dialect: org.hibernate.dialect.MySQL8Dialect, version: 8.0
2024-10-20T16:16:32.089-03:00  WARN 26500 --- [demo] [           main] org.hibernate.orm.deprecation            : HHH90000026: MySQL8Dialect has been deprecated; use org.hibernate.dialect.MySQLDialect instead
2024-10-20T16:16:32.135-03:00 DEBUG 26500 --- [demo] [           main] o.h.e.j.env.spi.IdentifierHelperBuilder  : JDBC driver metadata reported database stores quoted identifiers in more than one case
2024-10-20T16:16:32.135-03:00 DEBUG 26500 --- [demo] [           main] o.h.e.j.env.spi.IdentifierHelperBuilder  : IdentifierCaseStrategy for both quoted and unquoted identifiers was set to the same strategy [MIXED]; that will likely lead to problems in schema update and validation if using quoted identifiers
2024-10-20T16:16:32.195-03:00 DEBUG 26500 --- [demo] [           main] o.h.t.d.sql.spi.DdlTypeRegistry          : addDescriptor(12, org.hibernate.type.descriptor.sql.internal.CapacityDependentDdlType@5d6b5d3d) replaced previous registration(org.hibernate.type.descriptor.sql.internal.CapacityDependentDdlType@464d5365)
2024-10-20T16:16:32.196-03:00 DEBUG 26500 --- [demo] [           main] o.h.t.d.sql.spi.DdlTypeRegistry          : addDescriptor(-9, org.hibernate.type.descriptor.sql.internal.CapacityDependentDdlType@38394dc3) replaced previous registration(org.hibernate.type.descriptor.sql.internal.CapacityDependentDdlType@2cacd55e)
2024-10-20T16:16:32.197-03:00 DEBUG 26500 --- [demo] [           main] o.h.t.d.sql.spi.DdlTypeRegistry          : addDescriptor(-3, org.hibernate.type.descriptor.sql.internal.CapacityDependentDdlType@2ba9f743) replaced previous registration(org.hibernate.type.descriptor.sql.internal.CapacityDependentDdlType@7535f28)
2024-10-20T16:16:32.198-03:00 DEBUG 26500 --- [demo] [           main] o.h.t.d.sql.spi.DdlTypeRegistry          : addDescriptor(4003, org.hibernate.type.descriptor.sql.internal.DdlTypeImpl@75f65d54) replaced previous registration(org.hibernate.type.descriptor.sql.internal.DdlTypeImpl@3f3a6091)
2024-10-20T16:16:32.198-03:00 DEBUG 26500 --- [demo] [           main] o.h.t.d.sql.spi.DdlTypeRegistry          : addDescriptor(4001, org.hibernate.type.descriptor.sql.internal.DdlTypeImpl@5b4d9bda) replaced previous registration(org.hibernate.type.descriptor.sql.internal.DdlTypeImpl@467a2584)
2024-10-20T16:16:32.199-03:00 DEBUG 26500 --- [demo] [           main] o.h.t.d.sql.spi.DdlTypeRegistry          : addDescriptor(4002, org.hibernate.type.descriptor.sql.internal.DdlTypeImpl@121dce2) replaced previous registration(org.hibernate.type.descriptor.sql.internal.DdlTypeImpl@6df31abf)
2024-10-20T16:16:32.199-03:00 DEBUG 26500 --- [demo] [           main] o.h.t.d.sql.spi.DdlTypeRegistry          : addDescriptor(2004, org.hibernate.type.descriptor.sql.internal.CapacityDependentDdlType@5a57cf90) replaced previous registration(org.hibernate.type.descriptor.sql.internal.DdlTypeImpl@4d16975b)
2024-10-20T16:16:32.200-03:00 DEBUG 26500 --- [demo] [           main] o.h.t.d.sql.spi.DdlTypeRegistry          : addDescriptor(2005, org.hibernate.type.descriptor.sql.internal.CapacityDependentDdlType@425f94d7) replaced previous registration(org.hibernate.type.descriptor.sql.internal.DdlTypeImpl@378c48c1)
2024-10-20T16:16:32.200-03:00 DEBUG 26500 --- [demo] [           main] o.h.t.d.sql.spi.DdlTypeRegistry          : addDescriptor(2011, org.hibernate.type.descriptor.sql.internal.CapacityDependentDdlType@53432aef) replaced previous registration(org.hibernate.type.descriptor.sql.internal.DdlTypeImpl@2a16d393)
2024-10-20T16:16:32.206-03:00 DEBUG 26500 --- [demo] [           main] o.h.t.d.jdbc.spi.JdbcTypeRegistry        : addDescriptor(NCharTypeDescriptor) replaced previous registration(CharTypeDescriptor)
2024-10-20T16:16:32.206-03:00 DEBUG 26500 --- [demo] [           main] o.h.t.d.jdbc.spi.JdbcTypeRegistry        : addDescriptor(NVarcharTypeDescriptor) replaced previous registration(VarcharTypeDescriptor)
2024-10-20T16:16:32.208-03:00 DEBUG 26500 --- [demo] [           main] o.h.t.d.jdbc.spi.JdbcTypeRegistry        : addDescriptor(LongNVarcharTypeDescriptor) replaced previous registration(LongVarcharTypeDescriptor)
2024-10-20T16:16:32.217-03:00 DEBUG 26500 --- [demo] [           main] o.h.t.d.jdbc.spi.JdbcTypeRegistry        : addDescriptor(NClobTypeDescriptor(DEFAULT)) replaced previous registration(ClobTypeDescriptor(DEFAULT))
2024-10-20T16:16:32.217-03:00 DEBUG 26500 --- [demo] [           main] o.h.t.d.jdbc.spi.JdbcTypeRegistry        : addDescriptor(2005, ClobTypeDescriptor(STREAM_BINDING)) replaced previous registration(ClobTypeDescriptor(DEFAULT))
2024-10-20T16:16:32.228-03:00 DEBUG 26500 --- [demo] [           main] org.hibernate.type.BasicTypeRegistry     : Adding type registration null -> org.hibernate.type.NullType@254513e8
2024-10-20T16:16:32.228-03:00 DEBUG 26500 --- [demo] [           main] org.hibernate.type.BasicTypeRegistry     : Type registration key [null] overrode previous entry : `org.hibernate.type.NullType@1a536164`
2024-10-20T16:16:32.254-03:00 DEBUG 26500 --- [demo] [           main] org.hibernate.type.BasicTypeRegistry     : Adding type registration org.hibernate.type.DurationType -> basicType@1(java.time.Duration,3015)
2024-10-20T16:16:32.254-03:00 DEBUG 26500 --- [demo] [           main] org.hibernate.type.BasicTypeRegistry     : Adding type registration Duration -> basicType@1(java.time.Duration,3015)
2024-10-20T16:16:32.254-03:00 DEBUG 26500 --- [demo] [           main] org.hibernate.type.BasicTypeRegistry     : Adding type registration java.time.Duration -> basicType@1(java.time.Duration,3015)
2024-10-20T16:16:32.269-03:00 DEBUG 26500 --- [demo] [           main] org.hibernate.type.BasicTypeRegistry     : Adding type registration org.hibernate.type.OffsetDateTimeType -> basicType@2(java.time.OffsetDateTime,3003)
2024-10-20T16:16:32.270-03:00 DEBUG 26500 --- [demo] [           main] org.hibernate.type.BasicTypeRegistry     : Adding type registration OffsetDateTime -> basicType@2(java.time.OffsetDateTime,3003)
2024-10-20T16:16:32.272-03:00 DEBUG 26500 --- [demo] [           main] org.hibernate.type.BasicTypeRegistry     : Adding type registration java.time.OffsetDateTime -> basicType@2(java.time.OffsetDateTime,3003)
2024-10-20T16:16:32.273-03:00 DEBUG 26500 --- [demo] [           main] org.hibernate.type.BasicTypeRegistry     : Adding type registration org.hibernate.type.ZonedDateTimeType -> basicType@3(java.time.ZonedDateTime,3003)
2024-10-20T16:16:32.274-03:00 DEBUG 26500 --- [demo] [           main] org.hibernate.type.BasicTypeRegistry     : Adding type registration ZonedDateTime -> basicType@3(java.time.ZonedDateTime,3003)
2024-10-20T16:16:32.274-03:00 DEBUG 26500 --- [demo] [           main] org.hibernate.type.BasicTypeRegistry     : Adding type registration java.time.ZonedDateTime -> basicType@3(java.time.ZonedDateTime,3003)
2024-10-20T16:16:32.281-03:00 DEBUG 26500 --- [demo] [           main] org.hibernate.type.BasicTypeRegistry     : Adding type registration org.hibernate.type.OffsetTimeType -> basicType@4(java.time.OffsetTime,3007)
2024-10-20T16:16:32.281-03:00 DEBUG 26500 --- [demo] [           main] org.hibernate.type.BasicTypeRegistry     : Adding type registration OffsetTime -> basicType@4(java.time.OffsetTime,3007)
2024-10-20T16:16:32.282-03:00 DEBUG 26500 --- [demo] [           main] org.hibernate.type.BasicTypeRegistry     : Adding type registration java.time.OffsetTime -> basicType@4(java.time.OffsetTime,3007)
2024-10-20T16:16:32.288-03:00 DEBUG 26500 --- [demo] [           main] o.h.type.spi.TypeConfiguration$Scope     : Scoping TypeConfiguration [org.hibernate.type.spi.TypeConfiguration@74a1d60e] to MetadataBuildingContext [org.hibernate.boot.internal.MetadataBuildingContextRootImpl@16c0be3b]
2024-10-20T16:16:32.404-03:00 DEBUG 26500 --- [demo] [           main] o.h.boot.model.relational.Namespace      : Created database namespace [logicalName=Name{catalog=null, schema=null}, physicalName=Name{catalog=null, schema=null}]
2024-10-20T16:16:32.498-03:00 DEBUG 26500 --- [demo] [           main] o.h.boot.model.internal.EntityBinder     : Binding entity from annotated class: com.uade.tpo.demo.entity.Article
2024-10-20T16:16:32.521-03:00 DEBUG 26500 --- [demo] [           main] o.h.boot.model.internal.EntityBinder     : Import with entity name Article
2024-10-20T16:16:32.543-03:00 DEBUG 26500 --- [demo] [           main] o.h.boot.model.internal.EntityBinder     : Bind entity com.uade.tpo.demo.entity.Article on table article
2024-10-20T16:16:32.570-03:00 DEBUG 26500 --- [demo] [           main] o.h.boot.model.internal.AnnotatedColumn  : Binding column: AnnotatedDiscriminatorColumn(column='DTYPE')
2024-10-20T16:16:32.654-03:00 DEBUG 26500 --- [demo] [           main] o.h.boot.model.internal.AnnotatedColumn  : Binding column: AnnotatedColumn()
2024-10-20T16:16:32.666-03:00 DEBUG 26500 --- [demo] [           main] o.h.boot.internal.ClassLoaderAccessImpl  : Not known whether passed class name [com.uade.tpo.demo.entity.Article] is safe
2024-10-20T16:16:32.666-03:00 DEBUG 26500 --- [demo] [           main] o.h.boot.internal.ClassLoaderAccessImpl  : No temp ClassLoader provided; using live ClassLoader for loading potentially unsafe class : com.uade.tpo.demo.entity.Article
2024-10-20T16:16:32.675-03:00 DEBUG 26500 --- [demo] [           main] o.h.boot.model.internal.PropertyBinder   : MetadataSourceProcessor property id with lazy=false
2024-10-20T16:16:32.691-03:00 DEBUG 26500 --- [demo] [           main] o.h.b.m.internal.AbstractPropertyHolder  : Attempting to locate auto-apply AttributeConverter for property [com.uade.tpo.demo.entity.Article:id]
2024-10-20T16:16:32.709-03:00 DEBUG 26500 --- [demo] [           main] o.h.b.model.internal.BasicValueBinder    : building BasicValue for id
2024-10-20T16:16:32.719-03:00 DEBUG 26500 --- [demo] [           main] org.hibernate.mapping.BasicValue         : Skipping column re-registration: article.id
2024-10-20T16:16:32.722-03:00 DEBUG 26500 --- [demo] [           main] o.h.boot.model.internal.PropertyBinder   : Building property id
2024-10-20T16:16:32.736-03:00 DEBUG 26500 --- [demo] [           main] o.h.boot.model.internal.BinderHelper     : #makeIdGenerator(BasicValue([Column(id)]), id, identity, , ...)
2024-10-20T16:16:32.747-03:00 DEBUG 26500 --- [demo] [           main] o.h.boot.model.internal.AnnotatedColumn  : Binding column: AnnotatedJoinColumn(column='category_id')
2024-10-20T16:16:32.749-03:00 DEBUG 26500 --- [demo] [           main] o.h.boot.model.internal.AnnotatedColumn  : Binding column: AnnotatedColumn()
2024-10-20T16:16:32.767-03:00 DEBUG 26500 --- [demo] [           main] o.h.boot.model.internal.PropertyBinder   : Building property category
2024-10-20T16:16:32.770-03:00 DEBUG 26500 --- [demo] [           main] o.h.boot.model.internal.AnnotatedColumn  : Binding column: AnnotatedColumn()
2024-10-20T16:16:32.771-03:00 DEBUG 26500 --- [demo] [           main] o.h.boot.model.internal.PropertyBinder   : MetadataSourceProcessor property content with lazy=false
2024-10-20T16:16:32.771-03:00 DEBUG 26500 --- [demo] [           main] o.h.b.m.internal.AbstractPropertyHolder  : Attempting to locate auto-apply AttributeConverter for property [com.uade.tpo.demo.entity.Article:content]
2024-10-20T16:16:32.771-03:00 DEBUG 26500 --- [demo] [           main] o.h.b.model.internal.BasicValueBinder    : building BasicValue for content
2024-10-20T16:16:32.771-03:00 DEBUG 26500 --- [demo] [           main] org.hibernate.mapping.BasicValue         : Skipping column re-registration: article.content
2024-10-20T16:16:32.772-03:00 DEBUG 26500 --- [demo] [           main] o.h.boot.model.internal.PropertyBinder   : Building property content
2024-10-20T16:16:32.773-03:00 DEBUG 26500 --- [demo] [           main] o.h.boot.model.internal.AnnotatedColumn  : Binding column: AnnotatedColumn()
2024-10-20T16:16:32.773-03:00 DEBUG 26500 --- [demo] [           main] o.h.boot.model.internal.PropertyBinder   : MetadataSourceProcessor property image with lazy=false
2024-10-20T16:16:32.774-03:00 DEBUG 26500 --- [demo] [           main] o.h.b.m.internal.AbstractPropertyHolder  : Attempting to locate auto-apply AttributeConverter for property [com.uade.tpo.demo.entity.Article:image]
2024-10-20T16:16:32.774-03:00 DEBUG 26500 --- [demo] [           main] o.h.b.model.internal.BasicValueBinder    : building BasicValue for image
2024-10-20T16:16:32.776-03:00 DEBUG 26500 --- [demo] [           main] org.hibernate.mapping.BasicValue         : Skipping column re-registration: article.image
2024-10-20T16:16:32.776-03:00 DEBUG 26500 --- [demo] [           main] o.h.boot.model.internal.PropertyBinder   : Building property image
2024-10-20T16:16:32.776-03:00 DEBUG 26500 --- [demo] [           main] o.h.boot.model.internal.AnnotatedColumn  : Binding column: AnnotatedColumn()
2024-10-20T16:16:32.778-03:00 DEBUG 26500 --- [demo] [           main] o.h.boot.model.internal.PropertyBinder   : MetadataSourceProcessor property name with lazy=false
2024-10-20T16:16:32.778-03:00 DEBUG 26500 --- [demo] [           main] o.h.b.m.internal.AbstractPropertyHolder  : Attempting to locate auto-apply AttributeConverter for property [com.uade.tpo.demo.entity.Article:name]
2024-10-20T16:16:32.779-03:00 DEBUG 26500 --- [demo] [           main] o.h.b.model.internal.BasicValueBinder    : building BasicValue for name
2024-10-20T16:16:32.779-03:00 DEBUG 26500 --- [demo] [           main] org.hibernate.mapping.BasicValue         : Skipping column re-registration: article.name
2024-10-20T16:16:32.780-03:00 DEBUG 26500 --- [demo] [           main] o.h.boot.model.internal.PropertyBinder   : Building property name
2024-10-20T16:16:32.781-03:00 DEBUG 26500 --- [demo] [           main] o.h.boot.model.internal.AnnotatedColumn  : Binding column: AnnotatedColumn()
2024-10-20T16:16:32.782-03:00 DEBUG 26500 --- [demo] [           main] o.h.boot.model.internal.PropertyBinder   : MetadataSourceProcessor property onSale with lazy=false
2024-10-20T16:16:32.782-03:00 DEBUG 26500 --- [demo] [           main] o.h.b.m.internal.AbstractPropertyHolder  : Attempting to locate auto-apply AttributeConverter for property [com.uade.tpo.demo.entity.Article:onSale]
2024-10-20T16:16:32.783-03:00 DEBUG 26500 --- [demo] [           main] o.h.b.model.internal.BasicValueBinder    : building BasicValue for onSale
2024-10-20T16:16:32.783-03:00 DEBUG 26500 --- [demo] [           main] org.hibernate.mapping.BasicValue         : Skipping column re-registration: article.on_sale
2024-10-20T16:16:32.784-03:00 DEBUG 26500 --- [demo] [           main] o.h.boot.model.internal.PropertyBinder   : Building property onSale
2024-10-20T16:16:32.785-03:00 DEBUG 26500 --- [demo] [           main] o.h.boot.model.internal.AnnotatedColumn  : Binding column: AnnotatedColumn()
2024-10-20T16:16:32.785-03:00 DEBUG 26500 --- [demo] [           main] o.h.boot.model.internal.PropertyBinder   : MetadataSourceProcessor property price with lazy=false
2024-10-20T16:16:32.786-03:00 DEBUG 26500 --- [demo] [           main] o.h.b.m.internal.AbstractPropertyHolder  : Attempting to locate auto-apply AttributeConverter for property [com.uade.tpo.demo.entity.Article:price]
2024-10-20T16:16:32.787-03:00 DEBUG 26500 --- [demo] [           main] o.h.b.model.internal.BasicValueBinder    : building BasicValue for price
2024-10-20T16:16:32.787-03:00 DEBUG 26500 --- [demo] [           main] org.hibernate.mapping.BasicValue         : Skipping column re-registration: article.price
2024-10-20T16:16:32.788-03:00 DEBUG 26500 --- [demo] [           main] o.h.boot.model.internal.PropertyBinder   : Building property price
2024-10-20T16:16:32.788-03:00 DEBUG 26500 --- [demo] [           main] o.h.boot.model.internal.AnnotatedColumn  : Binding column: AnnotatedJoinColumn(column='user_id')
2024-10-20T16:16:32.789-03:00 DEBUG 26500 --- [demo] [           main] o.h.boot.model.internal.AnnotatedColumn  : Binding column: AnnotatedColumn()
2024-10-20T16:16:32.790-03:00 DEBUG 26500 --- [demo] [           main] o.h.boot.model.internal.PropertyBinder   : Building property user
2024-10-20T16:16:32.797-03:00 DEBUG 26500 --- [demo] [           main] o.h.b.r.c.i.ClassLoaderServiceImpl       : HHH000194: Package not found or no package-info.java: com.uade.tpo.demo.entity
2024-10-20T16:16:32.818-03:00 DEBUG 26500 --- [demo] [           main] o.h.boot.model.internal.EntityBinder     : Binding entity from annotated class: com.uade.tpo.demo.entity.Category
2024-10-20T16:16:32.820-03:00 DEBUG 26500 --- [demo] [           main] o.h.boot.model.internal.EntityBinder     : Import with entity name Category
2024-10-20T16:16:32.820-03:00 DEBUG 26500 --- [demo] [           main] o.h.boot.model.internal.EntityBinder     : Bind entity com.uade.tpo.demo.entity.Category on table category
2024-10-20T16:16:32.821-03:00 DEBUG 26500 --- [demo] [           main] o.h.boot.model.internal.AnnotatedColumn  : Binding column: AnnotatedDiscriminatorColumn(column='DTYPE')
2024-10-20T16:16:32.833-03:00 DEBUG 26500 --- [demo] [           main] o.h.boot.model.internal.AnnotatedColumn  : Binding column: AnnotatedColumn()
2024-10-20T16:16:32.833-03:00 DEBUG 26500 --- [demo] [           main] o.h.boot.internal.ClassLoaderAccessImpl  : Not known whether passed class name [com.uade.tpo.demo.entity.Category] is safe
2024-10-20T16:16:32.833-03:00 DEBUG 26500 --- [demo] [           main] o.h.boot.internal.ClassLoaderAccessImpl  : No temp ClassLoader provided; using live ClassLoader for loading potentially unsafe class : com.uade.tpo.demo.entity.Category
2024-10-20T16:16:32.836-03:00 DEBUG 26500 --- [demo] [           main] o.h.boot.model.internal.PropertyBinder   : MetadataSourceProcessor property id with lazy=false
2024-10-20T16:16:32.836-03:00 DEBUG 26500 --- [demo] [           main] o.h.b.m.internal.AbstractPropertyHolder  : Attempting to locate auto-apply AttributeConverter for property [com.uade.tpo.demo.entity.Category:id]
2024-10-20T16:16:32.837-03:00 DEBUG 26500 --- [demo] [           main] o.h.b.model.internal.BasicValueBinder    : building BasicValue for id
2024-10-20T16:16:32.837-03:00 DEBUG 26500 --- [demo] [           main] org.hibernate.mapping.BasicValue         : Skipping column re-registration: category.id
2024-10-20T16:16:32.838-03:00 DEBUG 26500 --- [demo] [           main] o.h.boot.model.internal.PropertyBinder   : Building property id
2024-10-20T16:16:32.838-03:00 DEBUG 26500 --- [demo] [           main] o.h.boot.model.internal.BinderHelper     : #makeIdGenerator(BasicValue([Column(id)]), id, identity, , ...)
2024-10-20T16:16:32.840-03:00 DEBUG 26500 --- [demo] [           main] o.h.boot.model.internal.AnnotatedColumn  : Binding column: AnnotatedJoinColumn()
2024-10-20T16:16:32.840-03:00 DEBUG 26500 --- [demo] [           main] o.h.boot.model.internal.AnnotatedColumn  : Binding column: AnnotatedColumn()
2024-10-20T16:16:32.884-03:00 DEBUG 26500 --- [demo] [           main] o.h.boot.model.internal.AnnotatedColumn  : Binding column: IndexColumn(column='articleList_ORDER')
2024-10-20T16:16:32.890-03:00 DEBUG 26500 --- [demo] [           main] o.h.boot.model.internal.AnnotatedColumn  : Binding column: AnnotatedColumn()
2024-10-20T16:16:32.892-03:00 DEBUG 26500 --- [demo] [           main] o.h.boot.model.internal.AnnotatedColumn  : Binding column: AnnotatedColumn(column='articleList_KEY')
2024-10-20T16:16:32.895-03:00 DEBUG 26500 --- [demo] [           main] o.h.boot.model.internal.AnnotatedColumn  : Binding column: AnnotatedJoinColumn(column='articleList_KEY')
2024-10-20T16:16:32.897-03:00 DEBUG 26500 --- [demo] [           main] o.h.boot.model.internal.AnnotatedColumn  : Binding column: AnnotatedJoinColumn()
2024-10-20T16:16:32.898-03:00 DEBUG 26500 --- [demo] [           main] o.h.boot.model.internal.AnnotatedColumn  : Binding column: AnnotatedJoinColumn()
2024-10-20T16:16:32.906-03:00 DEBUG 26500 --- [demo] [           main] o.h.b.model.internal.CollectionBinder    : Collection role: com.uade.tpo.demo.entity.Category.articleList
2024-10-20T16:16:32.911-03:00 DEBUG 26500 --- [demo] [           main] o.h.boot.model.internal.PropertyBinder   : Building property articleList
2024-10-20T16:16:32.912-03:00 DEBUG 26500 --- [demo] [           main] o.h.boot.model.internal.AnnotatedColumn  : Binding column: AnnotatedColumn()
[...]

   ServletWebServerFactoryAutoConfiguration.ForwardedHeaderFilterConfiguration:
      Did not match:
         - @ConditionalOnProperty (server.forward-headers-strategy=framework) did not find property 'server.forward-headers-strategy' (OnPropertyCondition)

   ServletWebServerFactoryConfiguration.EmbeddedJetty:
      Did not match:
         - @ConditionalOnClass did not find required classes 'org.eclipse.jetty.server.Server', 'org.eclipse.jetty.util.Loader', 'org.eclipse.jetty.ee10.webapp.WebAppContext' (OnClassCondition)

   ServletWebServerFactoryConfiguration.EmbeddedUndertow:
      Did not match:
         - @ConditionalOnClass did not find required classes 'io.undertow.Undertow', 'org.xnio.SslClientAuthMode' (OnClassCondition)

   SessionAutoConfiguration:
      Did not match:
         - @ConditionalOnClass did not find required class 'org.springframework.session.Session' (OnClassCondition)

   SessionsEndpointAutoConfiguration:
      Did not match:
         - @ConditionalOnClass did not find required class 'org.springframework.session.Session' (OnClassCondition)

   ShutdownEndpointAutoConfiguration:
      Did not match:
         - @ConditionalOnAvailableEndpoint no property management.endpoint.shutdown.enabled found so using endpoint default of false (OnAvailableEndpointCondition)

   SignalFxMetricsExportAutoConfiguration:
      Did not match:
         - @ConditionalOnClass did not find required class 'io.micrometer.signalfx.SignalFxMeterRegistry' (OnClassCondition)

   SpringApplicationAdminJmxAutoConfiguration:
      Did not match:
         - @ConditionalOnProperty (spring.application.admin.enabled=true) did not find property 'enabled' (OnPropertyCondition)

   SpringBootWebSecurityConfiguration.SecurityFilterChainConfiguration:
      Did not match:
         - AllNestedConditions 1 matched 1 did not; NestedCondition on DefaultWebSecurityCondition.Beans @ConditionalOnMissingBean (types: org.springframework.security.web.SecurityFilterChain; SearchStrategy: all) found beans of type 'org.springframework.security.web.SecurityFilterChain' securityFilterChain; NestedCondition on DefaultWebSecurityCondition.Classes @ConditionalOnClass found required classes 'org.springframework.security.web.SecurityFilterChain', 'org.springframework.security.config.annotation.web.builders.HttpSecurity' (DefaultWebSecurityCondition)

   SpringBootWebSecurityConfiguration.WebSecurityEnablerConfiguration:
      Did not match:
         - @ConditionalOnMissingBean (names: springSecurityFilterChain; SearchStrategy: all) found beans named springSecurityFilterChain (OnBeanCondition)
      Matched:
         - @ConditionalOnClass found required class 'org.springframework.security.config.annotation.web.configuration.EnableWebSecurity' (OnClassCondition)

   StackdriverMetricsExportAutoConfiguration:
      Did not match:
         - @ConditionalOnClass did not find required class 'io.micrometer.stackdriver.StackdriverMeterRegistry' (OnClassCondition)

   StartupEndpointAutoConfiguration:
      Did not match:
         - ApplicationStartup configured applicationStartup is of type class org.springframework.core.metrics.DefaultApplicationStartup, expected BufferingApplicationStartup. (StartupEndpointAutoConfiguration.ApplicationStartupCondition)

   StatsdMetricsExportAutoConfiguration:
      Did not match:
         - @ConditionalOnClass did not find required class 'io.micrometer.statsd.StatsdMeterRegistry' (OnClassCondition)

   TaskExecutorConfigurations.SimpleAsyncTaskExecutorBuilderConfiguration#simpleAsyncTaskExecutorBuilderVirtualThreads:
      Did not match:
         - @ConditionalOnMissingBean (types: org.springframework.boot.task.SimpleAsyncTaskExecutorBuilder; SearchStrategy: all) found beans of type 'org.springframework.boot.task.SimpleAsyncTaskExecutorBuilder' simpleAsyncTaskExecutorBuilder (OnBeanCondition)

   TaskExecutorConfigurations.TaskExecutorConfiguration#applicationTaskExecutorVirtualThreads:
      Did not match:
         - @ConditionalOnThreading did not find VIRTUAL (OnThreadingCondition)

   TaskSchedulingAutoConfiguration#scheduledBeanLazyInitializationExcludeFilter:
      Did not match:
         - @ConditionalOnBean (names: org.springframework.context.annotation.internalScheduledAnnotationProcessor; SearchStrategy: all) did not find any beans named org.springframework.context.annotation.internalScheduledAnnotationProcessor (OnBeanCondition)

   TaskSchedulingConfigurations.SimpleAsyncTaskSchedulerBuilderConfiguration#simpleAsyncTaskSchedulerBuilderVirtualThreads:
      Did not match:
         - @ConditionalOnMissingBean (types: org.springframework.boot.task.SimpleAsyncTaskSchedulerBuilder; SearchStrategy: all) found beans of type 'org.springframework.boot.task.SimpleAsyncTaskSchedulerBuilder' simpleAsyncTaskSchedulerBuilder (OnBeanCondition)

   TaskSchedulingConfigurations.TaskSchedulerConfiguration:
      Did not match:
         - @ConditionalOnBean (names: org.springframework.context.annotation.internalScheduledAnnotationProcessor; SearchStrategy: all) did not find any beans named org.springframework.context.annotation.internalScheduledAnnotationProcessor (OnBeanCondition)

   ThreadDumpEndpointAutoConfiguration:
      Did not match:
         - @ConditionalOnAvailableEndpoint no 'management.endpoints' property marked it as exposed (OnAvailableEndpointCondition)

   ThymeleafAutoConfiguration:
      Did not match:
         - @ConditionalOnClass did not find required class 'org.thymeleaf.spring6.SpringTemplateEngine' (OnClassCondition)

   TransactionAutoConfiguration#transactionalOperator:
      Did not match:
         - @ConditionalOnSingleCandidate (types: org.springframework.transaction.ReactiveTransactionManager; SearchStrategy: all) did not find any beans (OnBeanCondition)

   TransactionAutoConfiguration.AspectJTransactionManagementConfiguration:
      Did not match:
         - @ConditionalOnBean (types: org.springframework.transaction.aspectj.AbstractTransactionAspect; SearchStrategy: all) did not find any beans of type org.springframework.transaction.aspectj.AbstractTransactionAspect (OnBeanCondition)

   TransactionAutoConfiguration.EnableTransactionManagementConfiguration.JdkDynamicAutoProxyConfiguration:
      Did not match:
         - @ConditionalOnProperty (spring.aop.proxy-target-class=false) did not find property 'proxy-target-class' (OnPropertyCondition)

   UserDetailsServiceAutoConfiguration:
      Did not match:
         - @ConditionalOnMissingBean (types: org.springframework.security.authentication.AuthenticationManager,org.springframework.security.authentication.AuthenticationProvider,org.springframework.security.core.userdetails.UserDetailsService,org.springframework.security.authentication.AuthenticationManagerResolver,org.springframework.security.oauth2.jwt.JwtDecoder; SearchStrategy: all) found beans of type 'org.springframework.security.core.userdetails.UserDetailsService' customerDetailsService (OnBeanCondition)
      Matched:
         - @ConditionalOnClass found required class 'org.springframework.security.authentication.AuthenticationManager' (OnClassCondition)
         - AnyNestedCondition 1 matched 2 did not; NestedCondition on UserDetailsServiceAutoConfiguration.MissingAlternativeOrUserPropertiesConfigured.PasswordConfigured @ConditionalOnProperty (spring.security.user.password) did not find property 'password'; NestedCondition on UserDetailsServiceAutoConfiguration.MissingAlternativeOrUserPropertiesConfigured.NameConfigured @ConditionalOnProperty (spring.security.user.name) did not find property 'name'; NestedCondition on UserDetailsServiceAutoConfiguration.MissingAlternativeOrUserPropertiesConfigured.MissingAlternative @ConditionalOnMissingClass did not find unwanted classes 'org.springframework.security.oauth2.client.registration.ClientRegistrationRepository', 'org.springframework.security.oauth2.server.resource.introspection.OpaqueTokenIntrospector', 'org.springframework.security.saml2.provider.service.registration.RelyingPartyRegistrationRepository' (UserDetailsServiceAutoConfiguration.MissingAlternativeOrUserPropertiesConfigured)

   ValidationAutoConfiguration:
      Did not match:
         - @ConditionalOnClass did not find required class 'jakarta.validation.executable.ExecutableValidator' (OnClassCondition)

   WavefrontAutoConfiguration:
      Did not match:
         - @ConditionalOnClass did not find required class 'com.wavefront.sdk.common.application.ApplicationTags' (OnClassCondition)

   WavefrontMetricsExportAutoConfiguration:
      Did not match:
         - @ConditionalOnClass did not find required class 'com.wavefront.sdk.common.WavefrontSender' (OnClassCondition)

   WavefrontTracingAutoConfiguration:
      Did not match:
         - @ConditionalOnClass did not find required class 'com.wavefront.sdk.common.WavefrontSender' (OnClassCondition)

   WebClientAutoConfiguration:
      Did not match:
         - @ConditionalOnClass did not find required class 'org.springframework.web.reactive.function.client.WebClient' (OnClassCondition)

   WebClientObservationConfiguration:
      Did not match:
         - @ConditionalOnClass did not find required class 'org.springframework.web.reactive.function.client.WebClient' (OnClassCondition)

   WebFluxAutoConfiguration:
      Did not match:
         - @ConditionalOnClass did not find required class 'org.springframework.web.reactive.config.WebFluxConfigurer' (OnClassCondition)

   WebFluxEndpointManagementContextConfiguration:
      Did not match:
         - @ConditionalOnClass did not find required class 'org.springframework.web.reactive.DispatcherHandler' (OnClassCondition)

   WebFluxObservationAutoConfiguration:
      Did not match:
         - @ConditionalOnWebApplication did not find reactive web application classes (OnWebApplicationCondition)

   WebMvcAutoConfiguration#hiddenHttpMethodFilter:
      Did not match:
         - @ConditionalOnProperty (spring.mvc.hiddenmethod.filter.enabled) did not find property 'enabled' (OnPropertyCondition)

   WebMvcAutoConfiguration.ProblemDetailsErrorHandlingConfiguration:
      Did not match:
         - @ConditionalOnProperty (spring.mvc.problemdetails.enabled=true) did not find property 'enabled' (OnPropertyCondition)

   WebMvcAutoConfiguration.ResourceChainCustomizerConfiguration:
      Did not match:
         - @ConditionalOnEnabledResourceChain did not find class org.webjars.WebJarAssetLocator (OnEnabledResourceChainCondition)

   WebMvcAutoConfiguration.WebMvcAutoConfigurationAdapter#beanNameViewResolver:
      Did not match:
         - @ConditionalOnMissingBean (types: org.springframework.web.servlet.view.BeanNameViewResolver; SearchStrategy: all) found beans of type 'org.springframework.web.servlet.view.BeanNameViewResolver' beanNameViewResolver (OnBeanCondition)

   WebMvcEndpointManagementContextConfiguration#managementHealthEndpointWebMvcHandlerMapping:
      Did not match:
         - Management Port actual port type (SAME) did not match required type (DIFFERENT) (OnManagementPortCondition)

   WebServiceTemplateAutoConfiguration:
      Did not match:
         - @ConditionalOnClass did not find required class 'org.springframework.oxm.Marshaller' (OnClassCondition)

   WebServicesAutoConfiguration:
      Did not match:
         - @ConditionalOnClass did not find required class 'org.springframework.ws.transport.http.MessageDispatcherServlet' (OnClassCondition)

   WebSessionIdResolverAutoConfiguration:
      Did not match:
         - @ConditionalOnClass did not find required class 'reactor.core.publisher.Mono' (OnClassCondition)

   WebSocketMessagingAutoConfiguration:
      Did not match:
         - @ConditionalOnClass did not find required class 'org.springframework.web.socket.config.annotation.WebSocketMessageBrokerConfigurer' (OnClassCondition)

   WebSocketReactiveAutoConfiguration:
      Did not match:
         - @ConditionalOnWebApplication did not find reactive web application classes (OnWebApplicationCondition)

   WebSocketServletAutoConfiguration.JettyWebSocketConfiguration:
      Did not match:
         - @ConditionalOnClass did not find required class 'org.eclipse.jetty.ee10.websocket.jakarta.server.config.JakartaWebSocketServletContainerInitializer' (OnClassCondition)

   WebSocketServletAutoConfiguration.UndertowWebSocketConfiguration:
      Did not match:
         - @ConditionalOnClass did not find required class 'io.undertow.websockets.jsr.Bootstrap' (OnClassCondition)

   XADataSourceAutoConfiguration:
      Did not match:
         - @ConditionalOnBean (types: org.springframework.boot.jdbc.XADataSourceWrapper; SearchStrategy: all) did not find any beans of type org.springframework.boot.jdbc.XADataSourceWrapper (OnBeanCondition)
      Matched:
         - @ConditionalOnClass found required classes 'javax.sql.DataSource', 'jakarta.transaction.TransactionManager', 'org.springframework.jdbc.datasource.embedded.EmbeddedDatabaseType' (OnClassCondition)

   ZipkinAutoConfiguration:
      Did not match:
         - @ConditionalOnClass did not find required class 'zipkin2.reporter.Encoding' (OnClassCondition)


Exclusions:
-----------

    None


Unconditional classes:
----------------------

    org.springframework.boot.autoconfigure.context.ConfigurationPropertiesAutoConfiguration

    org.springframework.boot.actuate.autoconfigure.availability.AvailabilityHealthContributorAutoConfiguration

    org.springframework.boot.autoconfigure.ssl.SslAutoConfiguration

    org.springframework.boot.actuate.autoconfigure.info.InfoContributorAutoConfiguration

    org.springframework.boot.autoconfigure.context.PropertyPlaceholderAutoConfiguration

    org.springframework.boot.autoconfigure.context.LifecycleAutoConfiguration

    org.springframework.boot.actuate.autoconfigure.metrics.integration.IntegrationMetricsAutoConfiguration

    org.springframework.boot.actuate.autoconfigure.endpoint.EndpointAutoConfiguration

    org.springframework.boot.actuate.autoconfigure.web.server.ManagementContextAutoConfiguration

    org.springframework.boot.actuate.autoconfigure.health.HealthContributorAutoConfiguration

    org.springframework.boot.actuate.autoconfigure.endpoint.jackson.JacksonEndpointAutoConfiguration

    org.springframework.boot.autoconfigure.availability.ApplicationAvailabilityAutoConfiguration

    org.springframework.boot.autoconfigure.info.ProjectInfoAutoConfiguration



2024-10-20T16:16:44.702-03:00  INFO 26500 --- [demo] [           main] com.uade.tpo.demo.DemoApplicationTests   : Started DemoApplicationTests in 25.193 seconds (process running for 28.215)
2024-10-20T16:16:44.913-03:00 DEBUG 26500 --- [demo] [           main] o.s.b.a.ApplicationAvailabilityBean      : Application availability state LivenessState changed to CORRECT
2024-10-20T16:16:44.924-03:00 DEBUG 26500 --- [demo] [           main] o.s.boot.devtools.restart.Restarter      : Creating new Restarter for thread Thread[main,5,main]
2024-10-20T16:16:44.925-03:00 DEBUG 26500 --- [demo] [           main] o.s.b.a.ApplicationAvailabilityBean      : Application availability state ReadinessState changed to ACCEPTING_TRAFFIC
2024-10-20T16:16:44.933-03:00 DEBUG 26500 --- [demo] [           main] org.springframework.test.context.cache   : Spring test ApplicationContext cache statistics: [DefaultContextCache@62a1bc26 size = 1, maxSize = 32, parentContextCount = 0, hitCount = 0, missCount = 1, failureCount = 0]
2024-10-20T16:16:44.935-03:00 DEBUG 26500 --- [demo] [           main] o.s.t.c.w.ServletTestExecutionListener   : Setting up MockHttpServletRequest, MockHttpServletResponse, ServletWebRequest, and RequestContextHolder for test class com.uade.tpo.demo.DemoApplicationTests
2024-10-20T16:16:44.967-03:00 DEBUG 26500 --- [demo] [           main] DependencyInjectionTestExecutionListener : Performing dependency injection for test class com.uade.tpo.demo.DemoApplicationTests
2024-10-20T16:16:44.968-03:00 DEBUG 26500 --- [demo] [           main] org.springframework.test.context.cache   : Spring test ApplicationContext cache statistics: [DefaultContextCache@62a1bc26 size = 1, maxSize = 32, parentContextCount = 0, hitCount = 1, missCount = 1, failureCount = 0]
2024-10-20T16:16:44.971-03:00 DEBUG 26500 --- [demo] [           main] org.springframework.test.context.cache   : Spring test ApplicationContext cache statistics: [DefaultContextCache@62a1bc26 size = 1, maxSize = 32, parentContextCount = 0, hitCount = 2, missCount = 1, failureCount = 0]
2024-10-20T16:16:44.990-03:00 DEBUG 26500 --- [demo] [           main] sContextBeforeModesTestExecutionListener : Before test method: class [DemoApplicationTests], method [contextLoads], class annotated with @DirtiesContext [false] with mode [null], method annotated with @DirtiesContext [false] with mode [null]
2024-10-20T16:16:44.999-03:00 DEBUG 26500 --- [demo] [           main] org.springframework.test.context.cache   : Spring test ApplicationContext cache statistics: [DefaultContextCache@62a1bc26 size = 1, maxSize = 32, parentContextCount = 0, hitCount = 3, missCount = 1, failureCount = 0]
2024-10-20T16:16:45.000-03:00 DEBUG 26500 --- [demo] [           main] org.springframework.test.context.cache   : Spring test ApplicationContext cache statistics: [DefaultContextCache@62a1bc26 size = 1, maxSize = 32, parentContextCount = 0, hitCount = 4, missCount = 1, failureCount = 0]
2024-10-20T16:16:46.265-03:00 DEBUG 26500 --- [demo] [           main] org.springframework.test.context.cache   : Spring test ApplicationContext cache statistics: [DefaultContextCache@62a1bc26 size = 1, maxSize = 32, parentContextCount = 0, hitCount = 5, missCount = 1, failureCount = 0]
2024-10-20T16:16:46.286-03:00 DEBUG 26500 --- [demo] [           main] org.springframework.test.context.cache   : Spring test ApplicationContext cache statistics: [DefaultContextCache@62a1bc26 size = 1, maxSize = 32, parentContextCount = 0, hitCount = 6, missCount = 1, failureCount = 0]
2024-10-20T16:16:46.288-03:00 DEBUG 26500 --- [demo] [           main] org.springframework.test.context.cache   : Spring test ApplicationContext cache statistics: [DefaultContextCache@62a1bc26 size = 1, maxSize = 32, parentContextCount = 0, hitCount = 7, missCount = 1, failureCount = 0]
2024-10-20T16:16:46.289-03:00 DEBUG 26500 --- [demo] [           main] org.springframework.test.context.cache   : Spring test ApplicationContext cache statistics: [DefaultContextCache@62a1bc26 size = 1, maxSize = 32, parentContextCount = 0, hitCount = 8, missCount = 1, failureCount = 0]
2024-10-20T16:16:46.291-03:00 DEBUG 26500 --- [demo] [           main] org.springframework.test.context.cache   : Spring test ApplicationContext cache statistics: [DefaultContextCache@62a1bc26 size = 1, maxSize = 32, parentContextCount = 0, hitCount = 9, missCount = 1, failureCount = 0]
2024-10-20T16:16:46.295-03:00 DEBUG 26500 --- [demo] [           main] org.springframework.test.context.cache   : Spring test ApplicationContext cache statistics: [DefaultContextCache@62a1bc26 size = 1, maxSize = 32, parentContextCount = 0, hitCount = 10, missCount = 1, failureCount = 0]
2024-10-20T16:16:46.301-03:00 DEBUG 26500 --- [demo] [           main] org.springframework.test.context.cache   : Spring test ApplicationContext cache statistics: [DefaultContextCache@62a1bc26 size = 1, maxSize = 32, parentContextCount = 0, hitCount = 11, missCount = 1, failureCount = 0]
2024-10-20T16:16:46.303-03:00 DEBUG 26500 --- [demo] [           main] .c.s.DirtiesContextTestExecutionListener : After test method: class [DemoApplicationTests], method [contextLoads], class annotated with @DirtiesContext [false] with mode [null], method annotated with @DirtiesContext [false] with mode [null]
2024-10-20T16:16:46.303-03:00 DEBUG 26500 --- [demo] [           main] o.s.t.c.w.ServletTestExecutionListener   : Resetting RequestContextHolder for test class com.uade.tpo.demo.DemoApplicationTests
]]></system-out>
  </testcase>
</testsuite>