<?xml version="1.0" encoding="UTF-8"?>
<testsuite xmlns:xsi="http://www.w3.org/2001/XMLSchema-instance" xsi:noNamespaceSchemaLocation="https://maven.apache.org/surefire/maven-surefire-plugin/xsd/surefire-test-report-3.0.xsd" version="3.0" name="com.uade.tpo.demo.DemoApplicationTests" time="19.881" tests="1" errors="0" skipped="0" failures="0">
  <properties>
[...]
</properties>
  <testcase name="contextLoads" classname="com.uade.tpo.demo.DemoApplicationTests" time="0.964">
    <system-out><![CDATA[14:09:19.609 [main] INFO org.springframework.test.context.support.AnnotationConfigContextLoaderUtils -- Could not detect default configuration classes for test class [com.uade.tpo.demo.DemoApplicationTests]: DemoApplicationTests does not declare any static, non-private, non-final, nested classes annotated with @Configuration.
14:09:19.904 [main] INFO org.springframework.boot.test.context.SpringBootTestContextBootstrapper -- Found @SpringBootConfiguration com.uade.tpo.demo.DemoApplication for test class com.uade.tpo.demo.DemoApplicationTests
14:09:20.360 [main] INFO org.springframework.boot.devtools.restart.RestartApplicationListener -- Restart disabled due to context in which it is running

  .   ____          _            __ _ _
 /\\ / ___'_ __ _ _(_)_ __  __ _ \ \ \ \
( ( )\___ | '_ | '_| | '_ \/ _` | \ \ \ \
 \\/  ___)| |_)| | | | | || (_| |  ) ) ) )
  '  |____| .__|_| |_|_| |_\__, | / / / /
 =========|_|==============|___/=/_/_/_/

 :: Spring Boot ::                (v3.3.2)

2024-10-20T14:09:20.990-03:00  INFO 33040 --- [demo] [           main] com.uade.tpo.demo.DemoApplicationTests   : Starting DemoApplicationTests using Java 17 with PID 33040 (started by mbell in C:\Users\mbell\OneDrive\Desktop\TPO-API-cfca654c1b044dfa73e4f27fd9017989c2e8b085)
2024-10-20T14:09:20.992-03:00  INFO 33040 --- [demo] [           main] com.uade.tpo.demo.DemoApplicationTests   : No active profile set, falling back to 1 default profile: "default"
2024-10-20T14:09:23.973-03:00  INFO 33040 --- [demo] [           main] .s.d.r.c.RepositoryConfigurationDelegate : Bootstrapping Spring Data JPA repositories in DEFAULT mode.
2024-10-20T14:09:24.131-03:00  INFO 33040 --- [demo] [           main] .s.d.r.c.RepositoryConfigurationDelegate : Finished Spring Data repository scanning in 134 ms. Found 3 JPA repository interfaces.
2024-10-20T14:09:25.978-03:00  INFO 33040 --- [demo] [           main] o.hibernate.jpa.internal.util.LogHelper  : HHH000204: Processing PersistenceUnitInfo [name: default]
2024-10-20T14:09:26.196-03:00  INFO 33040 --- [demo] [           main] org.hibernate.Version                    : HHH000412: Hibernate ORM core version 6.5.2.Final
2024-10-20T14:09:26.327-03:00  INFO 33040 --- [demo] [           main] o.h.c.internal.RegionFactoryInitiator    : HHH000026: Second-level cache disabled
2024-10-20T14:09:27.400-03:00  INFO 33040 --- [demo] [           main] o.s.o.j.p.SpringPersistenceUnitInfo      : No LoadTimeWeaver setup: ignoring JPA class transformer
2024-10-20T14:09:27.480-03:00  INFO 33040 --- [demo] [           main] com.zaxxer.hikari.HikariDataSource       : HikariPool-1 - Starting...
2024-10-20T14:09:28.222-03:00  INFO 33040 --- [demo] [           main] com.zaxxer.hikari.pool.HikariPool        : HikariPool-1 - Added connection com.mysql.cj.jdbc.ConnectionImpl@924f3f1
2024-10-20T14:09:28.229-03:00  INFO 33040 --- [demo] [           main] com.zaxxer.hikari.HikariDataSource       : HikariPool-1 - Start completed.
2024-10-20T14:09:31.068-03:00  INFO 33040 --- [demo] [           main] o.h.e.t.j.p.i.JtaPlatformInitiator       : HHH000489: No JTA platform available (set 'hibernate.transaction.jta.platform' to enable JTA platform integration)
2024-10-20T14:09:31.986-03:00  INFO 33040 --- [demo] [           main] j.LocalContainerEntityManagerFactoryBean : Initialized JPA EntityManagerFactory for persistence unit 'default'
2024-10-20T14:09:33.413-03:00  INFO 33040 --- [demo] [           main] o.s.d.j.r.query.QueryEnhancerFactory     : Hibernate is in classpath; If applicable, HQL parser will be used.
2024-10-20T14:09:33.960-03:00  WARN 33040 --- [demo] [           main] JpaBaseConfiguration$JpaWebConfiguration : spring.jpa.open-in-view is enabled by default. Therefore, database queries may be performed during view rendering. Explicitly configure spring.jpa.open-in-view to disable this warning
2024-10-20T14:09:34.098-03:00  INFO 33040 --- [demo] [           main] r$InitializeUserDetailsManagerConfigurer : Global AuthenticationManager configured with UserDetailsService bean with name customerDetailsService
2024-10-20T14:09:36.097-03:00  INFO 33040 --- [demo] [           main] o.s.b.a.e.web.EndpointLinksResolver      : Exposing 1 endpoint beneath base path '/actuator'
2024-10-20T14:09:37.867-03:00  INFO 33040 --- [demo] [           main] com.uade.tpo.demo.DemoApplicationTests   : Started DemoApplicationTests in 17.546 seconds (process running for 20.27)
]]></system-out>
  </testcase>
</testsuite>